
ROM used:   876/8192 (11%)
            876/8192 (11%) including unused fragments

            0.5 Average locations per line
            4.0 Average locations per statement

RAM used:   13/368 (4%) at main() level
            38/368 (10%) worst case

Stack used: 0 worst case (0 in main + 0 for interrupts)
Stack size: 8

Lines Stmts  %   Files
----- ----- ---  -----
   31    12   5  main.c
  758     0   0  ..\..\..\..\..\Program Files (x86)\PICC\Devices\16f887.h
   37     0   0  ..\..\..\..\..\Program Files (x86)\PICC\Drivers\stdio.h
  423   125  57  ..\..\..\..\..\Program Files (x86)\PICC\Drivers\string.h
   32     0   0  ..\..\..\..\..\Program Files (x86)\PICC\Drivers\stddef.h
   28     0   0  ..\..\..\..\..\Program Files (x86)\PICC\Drivers\ctype.h
  456    84  38  ..\..\..\..\..\Program Files (x86)\PICC\Drivers\lcd.c
----- -----
 1765   221 Total

Page ROM  %  RAM   Vol Diff  Functions:
---- --- --- ---   --- ----  ----------
0     20   2    1             @delay_ms1
0      8   1    0             @const723
 Inline         3   596  5.9  lcd_read_byte
0      6   1    0    59  4.2  lcd_read_nibble
0     13   1    1   179  3.3  lcd_send_nibble
0     64   7    3   460  4.7  lcd_send_byte
0     51   6    2   667  5.9  lcd_init
0     18   2    4   208  6.3  lcd_gotoxy
0     44   5    1   354  4.7  lcd_putc
0    117  13    1   265  3.0  MAIN
0     31   4    2             @ITOF
0    117  13   13             @MULFF
0      1   0    0             @const763
0     77   9    4             @PSTRINGC7_741
 Inline         5             @FTOSD
0     79   9   13             @DIV3232
0    226  26   13             @PRINTF_L32D_741FPFPF
 Inline         0             @cinit1

Program metrics:
    Functions               8
    Statements              221
    Comments                409
    Volume (V)              4276
    Difficulty (D)          35.7
    Effort to implement (E) 152452
    Time to implement (T)   2 hours, 21 minutes
    Est Delivered Bugs (B)  1
    Cyclomatic Complexity   8
    Maintainability (MI)    35

 Segment     Used  Free
-----------  ----  ----
00000-00003     4  0  
00004-007FF   872  1172  
00800-00FFF     0  2048  
01000-017FF     0  2048  
01800-01FFF     0  2048  



