CCS PCM C Compiler, Version 5.005d, 1               27-jun-13 11:59
Compiler operating in Evaluation Mode
To obtain a fully enabled compiler visit www.ccsinfo.com/products

               Filename:   C:\Users\p2\Desktop\kareem\pantalla LCD\LCDminombre.lst

               ROM used:   344 words (4%)
                           Largest free fragment is 2048
               RAM used:   5 (1%) at main() level
                           19 (5%) worst case
               Stack used: 0 locations
               Stack size: 8

*
0000:  MOVLW  01
0001:  MOVWF  0A
0002:  GOTO   138
0003:  NOP
.................... #include  <16f887.h> 
.................... //////// Standard Header file for the PIC16F887 device //////////////// 
.................... #device PIC16F887 
0004:  BCF    0A.0
0005:  BCF    0A.1
0006:  BCF    0A.2
0007:  ADDWF  02,F
0008:  RETLW  28
0009:  RETLW  0C
000A:  RETLW  01
000B:  RETLW  06
000C:  DATA E8,34
000D:  DATA F2,30
000E:  DATA 6D,10
000F:  DATA EB,30
0010:  DATA F2,32
0011:  DATA E5,36
0012:  DATA 00,00
*
00EB:  MOVF   0B,W
00EC:  MOVWF  21
00ED:  BCF    0B.7
00EE:  BSF    03.5
00EF:  BSF    03.6
00F0:  BSF    0C.7
00F1:  BSF    0C.0
00F2:  NOP
00F3:  NOP
00F4:  BCF    03.5
00F5:  MOVF   0C,W
00F6:  ANDLW  7F
00F7:  BTFSC  03.2
00F8:  GOTO   132
00F9:  BCF    03.6
00FA:  MOVWF  22
00FB:  BSF    03.6
00FC:  MOVF   0D,W
00FD:  BCF    03.6
00FE:  MOVWF  23
00FF:  BSF    03.6
0100:  MOVF   0F,W
0101:  BCF    03.6
0102:  MOVWF  24
0103:  MOVF   22,W
0104:  MOVWF  25
0105:  CALL   0BF
0106:  MOVF   23,W
0107:  BSF    03.6
0108:  MOVWF  0D
0109:  BCF    03.6
010A:  MOVF   24,W
010B:  BSF    03.6
010C:  MOVWF  0F
010D:  BSF    03.5
010E:  BSF    0C.7
010F:  BSF    0C.0
0110:  NOP
0111:  NOP
0112:  BCF    03.5
0113:  RLF    0C,W
0114:  RLF    0E,W
0115:  ANDLW  7F
0116:  BTFSC  03.2
0117:  GOTO   132
0118:  BCF    03.6
0119:  MOVWF  22
011A:  BSF    03.6
011B:  MOVF   0D,W
011C:  BCF    03.6
011D:  MOVWF  23
011E:  BSF    03.6
011F:  MOVF   0F,W
0120:  BCF    03.6
0121:  MOVWF  24
0122:  MOVF   22,W
0123:  MOVWF  25
0124:  CALL   0BF
0125:  MOVF   23,W
0126:  BSF    03.6
0127:  MOVWF  0D
0128:  BCF    03.6
0129:  MOVF   24,W
012A:  BSF    03.6
012B:  MOVWF  0F
012C:  INCF   0D,F
012D:  BTFSC  03.2
012E:  INCF   0F,F
012F:  BCF    03.6
0130:  GOTO   0EE
0131:  BSF    03.6
0132:  BCF    03.6
0133:  BTFSC  21.7
0134:  BSF    0B.7
0135:  BCF    0A.3
0136:  BCF    0A.4
0137:  GOTO   156 (RETURN)
....................  
.................... #list 
....................  
.................... #fuses INTRC_IO 
.................... #use delay (clock=8000000) 
*
0013:  MOVLW  26
0014:  MOVWF  04
0015:  BCF    03.7
0016:  MOVF   00,W
0017:  BTFSC  03.2
0018:  GOTO   026
0019:  MOVLW  02
001A:  MOVWF  78
001B:  CLRF   77
001C:  DECFSZ 77,F
001D:  GOTO   01C
001E:  DECFSZ 78,F
001F:  GOTO   01B
0020:  MOVLW  97
0021:  MOVWF  77
0022:  DECFSZ 77,F
0023:  GOTO   022
0024:  DECFSZ 00,F
0025:  GOTO   019
0026:  RETURN
.................... #include <lcd.c> 
.................... /////////////////////////////////////////////////////////////////////////////// 
.................... ////                             LCD.C                                     //// 
.................... ////                 Driver for common LCD modules                         //// 
.................... ////                                                                       //// 
.................... ////  lcd_init()   Must be called before any other function.               //// 
.................... ////                                                                       //// 
.................... ////  lcd_putc(c)  Will display c on the next position of the LCD.         //// 
.................... ////                 \a  Set cursor position to upper left                 //// 
.................... ////                 \f  Clear display, set cursor to upper left           //// 
.................... ////                 \n  Go to start of second line                        //// 
.................... ////                 \b  Move back one position                            //// 
.................... ////              If LCD_EXTENDED_NEWLINE is defined, the \n character     //// 
.................... ////              will erase all remanining characters on the current      //// 
.................... ////              line, and move the cursor to the beginning of the next   //// 
.................... ////              line.                                                    //// 
.................... ////              If LCD_EXTENDED_NEWLINE is defined, the \r character     //// 
.................... ////              will move the cursor to the start of the current         //// 
.................... ////              line.                                                    //// 
.................... ////                                                                       //// 
.................... ////  lcd_gotoxy(x,y) Set write position on LCD (upper left is 1,1)        //// 
.................... ////                                                                       //// 
.................... ////  lcd_getc(x,y)   Returns character at position x,y on LCD             //// 
.................... ////                                                                       //// 
.................... ////  lcd_cursor_on(int1 on)   Turn the cursor on (on=TRUE) or off         //// 
.................... ////              (on=FALSE).                                              //// 
.................... ////                                                                       //// 
.................... ////  lcd_set_cgram_char(w, *p)   Write a custom character to the CGRAM.   //// 
.................... ////                                                                       //// 
.................... ////                                                                       //// 
.................... ////  CONFIGURATION                                                        //// 
.................... ////  The LCD can be configured in one of two ways: a.) port access or     //// 
.................... ////  b.) pin access.  Port access requires the entire 7 bit interface     //// 
.................... ////  connected to one GPIO port, and the data bits (D4:D7 of the LCD)     //// 
.................... ////  connected to sequential pins on the GPIO.  Pin access                //// 
.................... ////  has no requirements, all 7 bits of the control interface can         //// 
.................... ////  can be connected to any GPIO using several ports.                    //// 
.................... ////                                                                       //// 
.................... ////  To use port access, #define LCD_DATA_PORT to the SFR location of     //// 
.................... ////  of the GPIO port that holds the interface, -AND- edit LCD_PIN_MAP    //// 
.................... ////  of this file to configure the pin order.  If you are using a         //// 
.................... ////  baseline PIC (PCB), then LCD_OUTPUT_MAP and LCD_INPUT_MAP also must  //// 
.................... ////  be defined.                                                          //// 
.................... ////                                                                       //// 
.................... ////  Example of port access:                                              //// 
.................... ////     #define LCD_DATA_PORT getenv("SFR:PORTD")                         //// 
.................... ////                                                                       //// 
.................... ////  To use pin access, the following pins must be defined:               //// 
.................... ////     LCD_ENABLE_PIN                                                    //// 
.................... ////     LCD_RS_PIN                                                        //// 
.................... ////     LCD_RW_PIN                                                        //// 
.................... ////     LCD_DATA4                                                         //// 
.................... ////     LCD_DATA5                                                         //// 
.................... ////     LCD_DATA6                                                         //// 
.................... ////     LCD_DATA7                                                         //// 
.................... ////                                                                       //// 
.................... ////  Example of pin access:                                               //// 
.................... ////     #define LCD_ENABLE_PIN  PIN_E0                                    //// 
.................... ////     #define LCD_RS_PIN      PIN_E1                                    //// 
.................... ////     #define LCD_RW_PIN      PIN_E2                                    //// 
.................... ////     #define LCD_DATA4       PIN_D4                                    //// 
.................... ////     #define LCD_DATA5       PIN_D5                                    //// 
.................... ////     #define LCD_DATA6       PIN_D6                                    //// 
.................... ////     #define LCD_DATA7       PIN_D7                                    //// 
.................... ////                                                                       //// 
.................... /////////////////////////////////////////////////////////////////////////////// 
.................... ////        (C) Copyright 1996,2010 Custom Computer Services           //// 
.................... //// This source code may only be used by licensed users of the CCS C  //// 
.................... //// compiler.  This source code may only be distributed to other      //// 
.................... //// licensed users of the CCS C compiler.  No other use, reproduction //// 
.................... //// or distribution is permitted without written permission.          //// 
.................... //// Derivative programs created using this software in object code    //// 
.................... //// form are not restricted in any way.                               //// 
.................... /////////////////////////////////////////////////////////////////////////// 
....................  
.................... #ifndef __LCD_C__ 
.................... #define __LCD_C__ 
....................  
.................... // define the pinout. 
.................... // only required if port access is being used. 
.................... typedef struct   
.................... {                            // This structure is overlayed 
....................    int1 enable;           // on to an I/O port to gain 
....................    int1 rs;               // access to the LCD pins. 
....................    int1 rw;               // The bits are allocated from 
....................    int1 unused;           // low order up.  ENABLE will 
....................    unsigned int     data : 4;         // be LSB pin of that port. 
....................   #if defined(__PCD__)       // The port used will be LCD_DATA_PORT. 
....................    unsigned int    reserved: 8; 
....................   #endif 
.................... } LCD_PIN_MAP; 
....................  
.................... // this is to improve compatability with previous LCD drivers that accepted 
.................... // a define labeled 'use_portb_lcd' that configured the LCD onto port B. 
.................... #if ((defined(use_portb_lcd)) && (use_portb_lcd==TRUE)) 
....................  #define LCD_DATA_PORT getenv("SFR:PORTB") 
.................... #endif 
....................  
.................... #if defined(__PCB__) 
....................    // these definitions only need to be modified for baseline PICs. 
....................    // all other PICs use LCD_PIN_MAP or individual LCD_xxx pin definitions. 
.................... /*                                    EN, RS,   RW,   UNUSED,  DATA  */ 
....................  const LCD_PIN_MAP LCD_OUTPUT_MAP =  {0,  0,    0,    0,       0}; 
....................  const LCD_PIN_MAP LCD_INPUT_MAP =   {0,  0,    0,    0,       0xF}; 
.................... #endif 
....................  
.................... ////////////////////// END CONFIGURATION /////////////////////////////////// 
....................  
.................... #ifndef LCD_ENABLE_PIN 
....................    #define lcd_output_enable(x) lcdlat.enable=x 
....................    #define lcd_enable_tris()   lcdtris.enable=0 
.................... #else 
....................    #define lcd_output_enable(x) output_bit(LCD_ENABLE_PIN, x) 
....................    #define lcd_enable_tris()  output_drive(LCD_ENABLE_PIN) 
.................... #endif 
....................  
.................... #ifndef LCD_RS_PIN 
....................    #define lcd_output_rs(x) lcdlat.rs=x 
....................    #define lcd_rs_tris()   lcdtris.rs=0 
.................... #else 
....................    #define lcd_output_rs(x) output_bit(LCD_RS_PIN, x) 
....................    #define lcd_rs_tris()  output_drive(LCD_RS_PIN) 
.................... #endif 
....................  
.................... #ifndef LCD_RW_PIN 
....................    #define lcd_output_rw(x) lcdlat.rw=x 
....................    #define lcd_rw_tris()   lcdtris.rw=0 
.................... #else 
....................    #define lcd_output_rw(x) output_bit(LCD_RW_PIN, x) 
....................    #define lcd_rw_tris()  output_drive(LCD_RW_PIN) 
.................... #endif 
....................  
.................... // original version of this library incorrectly labeled LCD_DATA0 as LCD_DATA4, 
.................... // LCD_DATA1 as LCD_DATA5, and so on.  this block of code makes the driver 
.................... // compatible with any code written for the original library 
.................... #if (defined(LCD_DATA0) && defined(LCD_DATA1) && defined(LCD_DATA2) && defined(LCD_DATA3) && !defined(LCD_DATA4) && !defined(LCD_DATA5) && !defined(LCD_DATA6) && !defined(LCD_DATA7)) 
....................    #define  LCD_DATA4    LCD_DATA0 
....................    #define  LCD_DATA5    LCD_DATA1 
....................    #define  LCD_DATA6    LCD_DATA2 
....................    #define  LCD_DATA7    LCD_DATA3 
.................... #endif 
....................  
.................... #ifndef LCD_DATA4 
.................... #ifndef LCD_DATA_PORT 
....................    #if defined(__PCB__) 
....................       #define LCD_DATA_PORT      0x06     //portb 
....................       #define set_tris_lcd(x)   set_tris_b(x) 
....................    #else 
....................      #if defined(PIN_D0) 
....................       #define LCD_DATA_PORT      getenv("SFR:PORTD")     //portd 
....................      #else 
....................       #define LCD_DATA_PORT      getenv("SFR:PORTB")     //portb 
....................      #endif 
....................    #endif    
.................... #endif 
....................  
.................... #if defined(__PCB__) 
....................    LCD_PIN_MAP lcd, lcdlat; 
....................    #byte lcd = LCD_DATA_PORT 
....................    #byte lcdlat = LCD_DATA_PORT 
.................... #elif defined(__PCM__) 
....................    LCD_PIN_MAP lcd, lcdlat, lcdtris; 
....................    #byte lcd = LCD_DATA_PORT 
....................    #byte lcdlat = LCD_DATA_PORT 
....................    #byte lcdtris = LCD_DATA_PORT+0x80 
.................... #elif defined(__PCH__) 
....................    LCD_PIN_MAP lcd, lcdlat, lcdtris; 
....................    #byte lcd = LCD_DATA_PORT 
....................    #byte lcdlat = LCD_DATA_PORT+9 
....................    #byte lcdtris = LCD_DATA_PORT+0x12 
.................... #elif defined(__PCD__) 
....................    LCD_PIN_MAP lcd, lcdlat, lcdtris; 
....................    #word lcd = LCD_DATA_PORT 
....................    #word lcdlat = LCD_DATA_PORT+2 
....................    #word lcdtris = LCD_DATA_PORT-0x02 
.................... #endif 
.................... #endif   //LCD_DATA4 not defined 
....................  
.................... #ifndef LCD_TYPE 
....................    #define LCD_TYPE 2           // 0=5x7, 1=5x10, 2=2 lines 
.................... #endif 
....................  
.................... #ifndef LCD_LINE_TWO 
....................    #define LCD_LINE_TWO 0x40    // LCD RAM address for the second line 
.................... #endif 
....................  
.................... #ifndef LCD_LINE_LENGTH 
....................    #define LCD_LINE_LENGTH 20 
.................... #endif 
....................  
.................... unsigned int8 const LCD_INIT_STRING[4] = {0x20 | (LCD_TYPE << 2), 0xc, 1, 6}; 
....................                              // These bytes need to be sent to the LCD 
....................                              // to start it up. 
....................  
.................... unsigned int8 lcd_read_nibble(void); 
....................  
.................... unsigned int8 lcd_read_byte(void) 
.................... { 
....................    unsigned int8 low,high; 
....................  
....................  #if defined(__PCB__) 
....................    set_tris_lcd(LCD_INPUT_MAP); 
....................  #else 
....................   #if (defined(LCD_DATA4) && defined(LCD_DATA5) && defined(LCD_DATA6) && defined(LCD_DATA7)) 
....................    output_float(LCD_DATA4); 
....................    output_float(LCD_DATA5); 
....................    output_float(LCD_DATA6); 
....................    output_float(LCD_DATA7); 
....................   #else 
....................    lcdtris.data = 0xF; 
*
0040:  MOVLW  0F
0041:  BSF    03.5
0042:  ANDWF  08,W
0043:  IORLW  F0
0044:  MOVWF  08
....................   #endif 
....................  #endif 
....................          
....................    lcd_output_rw(1); 
0045:  BCF    03.5
0046:  BSF    08.2
....................    delay_cycles(1); 
0047:  NOP
....................    lcd_output_enable(1); 
0048:  BSF    08.0
....................    delay_cycles(1); 
0049:  NOP
....................    high = lcd_read_nibble(); 
004A:  CALL   034
004B:  MOVF   78,W
004C:  MOVWF  2D
....................        
....................    lcd_output_enable(0); 
004D:  BCF    08.0
....................    delay_cycles(1); 
004E:  NOP
....................    lcd_output_enable(1); 
004F:  BSF    08.0
....................    delay_us(1); 
0050:  GOTO   051
....................    low = lcd_read_nibble(); 
0051:  CALL   034
0052:  MOVF   78,W
0053:  MOVWF  2C
....................        
....................    lcd_output_enable(0); 
0054:  BCF    08.0
....................  
....................  #if defined(__PCB__) 
....................    set_tris_lcd(LCD_OUTPUT_MAP); 
....................  #else 
....................   #if (defined(LCD_DATA4) && defined(LCD_DATA5) && defined(LCD_DATA6) && defined(LCD_DATA7)) 
....................    output_drive(LCD_DATA4); 
....................    output_drive(LCD_DATA5); 
....................    output_drive(LCD_DATA6); 
....................    output_drive(LCD_DATA7); 
....................   #else 
....................    lcdtris.data = 0x0; 
0055:  MOVLW  0F
0056:  BSF    03.5
0057:  ANDWF  08,W
0058:  MOVWF  08
....................   #endif 
....................  #endif 
....................  
....................    return( (high<<4) | low); 
0059:  BCF    03.5
005A:  SWAPF  2D,W
005B:  MOVWF  77
005C:  MOVLW  F0
005D:  ANDWF  77,F
005E:  MOVF   77,W
005F:  IORWF  2C,W
0060:  MOVWF  78
.................... } 
....................  
.................... unsigned int8 lcd_read_nibble(void) 
.................... { 
....................   #if (defined(LCD_DATA4) && defined(LCD_DATA5) && defined(LCD_DATA6) && defined(LCD_DATA7)) 
....................    unsigned int8 n = 0x00; 
....................  
....................    /* Read the data port */ 
....................    n |= input(LCD_DATA4); 
....................    n |= input(LCD_DATA5) << 1; 
....................    n |= input(LCD_DATA6) << 2; 
....................    n |= input(LCD_DATA7) << 3; 
....................     
....................    return(n); 
....................   #else 
....................    return(lcd.data); 
*
0034:  MOVF   08,W
0035:  MOVWF  77
0036:  SWAPF  08,W
0037:  ANDLW  0F
0038:  MOVWF  78
....................   #endif 
0039:  RETURN
.................... } 
....................  
.................... void lcd_send_nibble(unsigned int8 n) 
.................... { 
....................   #if (defined(LCD_DATA4) && defined(LCD_DATA5) && defined(LCD_DATA6) && defined(LCD_DATA7)) 
....................    /* Write to the data port */ 
....................    output_bit(LCD_DATA4, bit_test(n, 0)); 
....................    output_bit(LCD_DATA5, bit_test(n, 1)); 
....................    output_bit(LCD_DATA6, bit_test(n, 2)); 
....................    output_bit(LCD_DATA7, bit_test(n, 3)); 
....................   #else       
....................    lcdlat.data = n; 
*
0027:  SWAPF  2D,W
0028:  ANDLW  F0
0029:  MOVWF  77
002A:  MOVLW  0F
002B:  ANDWF  08,W
002C:  IORWF  77,W
002D:  MOVWF  08
....................   #endif 
....................        
....................    delay_cycles(1); 
002E:  NOP
....................    lcd_output_enable(1); 
002F:  BSF    08.0
....................    delay_us(2); 
0030:  GOTO   031
0031:  GOTO   032
....................    lcd_output_enable(0); 
0032:  BCF    08.0
0033:  RETURN
.................... } 
....................  
.................... void lcd_send_byte(unsigned int8 address, unsigned int8 n) 
.................... { 
....................   #if defined(__PCB__) 
....................    set_tris_lcd(LCD_OUTPUT_MAP); 
....................   #else 
....................    lcd_enable_tris(); 
*
003A:  BSF    03.5
003B:  BCF    08.0
....................    lcd_rs_tris(); 
003C:  BCF    08.1
....................    lcd_rw_tris(); 
003D:  BCF    08.2
....................   #endif 
....................  
....................    lcd_output_rs(0); 
003E:  BCF    03.5
003F:  BCF    08.1
....................    while ( bit_test(lcd_read_byte(),7) ) ; 
*
0061:  MOVF   78,W
0062:  MOVWF  2C
0063:  BTFSC  2C.7
0064:  GOTO   040
....................    lcd_output_rs(address); 
0065:  BTFSS  2A.0
0066:  BCF    08.1
0067:  BTFSC  2A.0
0068:  BSF    08.1
....................    delay_cycles(1); 
0069:  NOP
....................    lcd_output_rw(0); 
006A:  BCF    08.2
....................    delay_cycles(1); 
006B:  NOP
....................    lcd_output_enable(0); 
006C:  BCF    08.0
....................    lcd_send_nibble(n >> 4); 
006D:  SWAPF  2B,W
006E:  MOVWF  2C
006F:  MOVLW  0F
0070:  ANDWF  2C,F
0071:  MOVF   2C,W
0072:  MOVWF  2D
0073:  CALL   027
....................    lcd_send_nibble(n & 0xf); 
0074:  MOVF   2B,W
0075:  ANDLW  0F
0076:  MOVWF  2C
0077:  MOVWF  2D
0078:  CALL   027
0079:  RETURN
.................... } 
....................  
.................... #if defined(LCD_EXTENDED_NEWLINE) 
.................... unsigned int8 g_LcdX, g_LcdY; 
.................... #endif 
....................  
.................... void lcd_init(void)  
.................... { 
....................    unsigned int8 i; 
....................  
....................  #if defined(__PCB__) 
....................    set_tris_lcd(LCD_OUTPUT_MAP); 
....................  #else 
....................   #if (defined(LCD_DATA4) && defined(LCD_DATA5) && defined(LCD_DATA6) && defined(LCD_DATA7)) 
....................    output_drive(LCD_DATA4); 
....................    output_drive(LCD_DATA5); 
....................    output_drive(LCD_DATA6); 
....................    output_drive(LCD_DATA7); 
....................   #else 
....................    lcdtris.data = 0x0; 
007A:  MOVLW  0F
007B:  BSF    03.5
007C:  ANDWF  08,W
007D:  MOVWF  08
....................   #endif 
....................    lcd_enable_tris(); 
007E:  BCF    08.0
....................    lcd_rs_tris(); 
007F:  BCF    08.1
....................    lcd_rw_tris(); 
0080:  BCF    08.2
....................  #endif 
....................  
....................    lcd_output_rs(0); 
0081:  BCF    03.5
0082:  BCF    08.1
....................    lcd_output_rw(0); 
0083:  BCF    08.2
....................    lcd_output_enable(0); 
0084:  BCF    08.0
....................      
....................    delay_ms(15); 
0085:  MOVLW  0F
0086:  MOVWF  26
0087:  CALL   013
....................    for(i=1;i<=3;++i) 
0088:  MOVLW  01
0089:  MOVWF  21
008A:  MOVF   21,W
008B:  SUBLW  03
008C:  BTFSS  03.0
008D:  GOTO   096
....................    { 
....................        lcd_send_nibble(3); 
008E:  MOVLW  03
008F:  MOVWF  2D
0090:  CALL   027
....................        delay_ms(5); 
0091:  MOVLW  05
0092:  MOVWF  26
0093:  CALL   013
0094:  INCF   21,F
0095:  GOTO   08A
....................    } 
....................     
....................    lcd_send_nibble(2); 
0096:  MOVLW  02
0097:  MOVWF  2D
0098:  CALL   027
....................    delay_ms(5); 
0099:  MOVLW  05
009A:  MOVWF  26
009B:  CALL   013
....................    for(i=0;i<=3;++i) 
009C:  CLRF   21
009D:  MOVF   21,W
009E:  SUBLW  03
009F:  BTFSS  03.0
00A0:  GOTO   0AA
....................       lcd_send_byte(0,LCD_INIT_STRING[i]); 
00A1:  MOVF   21,W
00A2:  CALL   004
00A3:  MOVWF  22
00A4:  CLRF   2A
00A5:  MOVF   22,W
00A6:  MOVWF  2B
00A7:  CALL   03A
....................  
....................   #if defined(LCD_EXTENDED_NEWLINE) 
00A8:  INCF   21,F
00A9:  GOTO   09D
00AA:  BCF    0A.3
00AB:  BCF    0A.4
00AC:  GOTO   14F (RETURN)
....................    g_LcdX = 0; 
....................    g_LcdY = 0; 
....................   #endif 
.................... } 
....................  
.................... void lcd_gotoxy(unsigned int8 x, unsigned int8 y) 
.................... { 
....................    unsigned int8 address; 
....................     
....................    if(y!=1) 
00AD:  DECFSZ 27,W
00AE:  GOTO   0B0
00AF:  GOTO   0B3
....................       address=LCD_LINE_TWO; 
00B0:  MOVLW  40
00B1:  MOVWF  28
00B2:  GOTO   0B4
....................    else 
....................       address=0; 
00B3:  CLRF   28
....................       
....................    address+=x-1; 
00B4:  MOVLW  01
00B5:  SUBWF  26,W
00B6:  ADDWF  28,F
....................    lcd_send_byte(0,0x80|address); 
00B7:  MOVF   28,W
00B8:  IORLW  80
00B9:  MOVWF  29
00BA:  CLRF   2A
00BB:  MOVF   29,W
00BC:  MOVWF  2B
00BD:  CALL   03A
....................  
....................   #if defined(LCD_EXTENDED_NEWLINE) 
00BE:  RETURN
....................    g_LcdX = x - 1; 
....................    g_LcdY = y - 1; 
....................   #endif 
.................... } 
....................  
.................... void lcd_putc(char c) 
.................... { 
....................    switch (c) 
00BF:  MOVF   25,W
00C0:  XORLW  07
00C1:  BTFSC  03.2
00C2:  GOTO   0CD
00C3:  XORLW  0B
00C4:  BTFSC  03.2
00C5:  GOTO   0D2
00C6:  XORLW  06
00C7:  BTFSC  03.2
00C8:  GOTO   0DA
00C9:  XORLW  02
00CA:  BTFSC  03.2
00CB:  GOTO   0E0
00CC:  GOTO   0E5
....................    { 
....................       case '\a'   :  lcd_gotoxy(1,1);     break; 
00CD:  MOVLW  01
00CE:  MOVWF  26
00CF:  MOVWF  27
00D0:  CALL   0AD
00D1:  GOTO   0EA
....................  
....................       case '\f'   :  lcd_send_byte(0,1); 
00D2:  CLRF   2A
00D3:  MOVLW  01
00D4:  MOVWF  2B
00D5:  CALL   03A
....................                      delay_ms(2); 
00D6:  MOVLW  02
00D7:  MOVWF  26
00D8:  CALL   013
....................                     #if defined(LCD_EXTENDED_NEWLINE) 
....................                      g_LcdX = 0; 
....................                      g_LcdY = 0; 
....................                     #endif 
....................                      break; 
00D9:  GOTO   0EA
....................  
....................      #if defined(LCD_EXTENDED_NEWLINE) 
....................       case '\r'   :  lcd_gotoxy(1, g_LcdY+1);   break; 
....................       case '\n'   : 
....................          while (g_LcdX++ < LCD_LINE_LENGTH) 
....................          { 
....................             lcd_send_byte(1, ' '); 
....................          } 
....................          lcd_gotoxy(1, g_LcdY+2); 
....................          break; 
....................      #else 
....................       case '\n'   : lcd_gotoxy(1,2);        break; 
00DA:  MOVLW  01
00DB:  MOVWF  26
00DC:  MOVLW  02
00DD:  MOVWF  27
00DE:  CALL   0AD
00DF:  GOTO   0EA
....................      #endif 
....................       
....................       case '\b'   : lcd_send_byte(0,0x10);  break; 
00E0:  CLRF   2A
00E1:  MOVLW  10
00E2:  MOVWF  2B
00E3:  CALL   03A
00E4:  GOTO   0EA
....................       
....................      #if defined(LCD_EXTENDED_NEWLINE) 
....................       default     :  
....................          if (g_LcdX < LCD_LINE_LENGTH) 
....................          { 
....................             lcd_send_byte(1, c); 
....................             g_LcdX++; 
....................          } 
....................          break; 
....................      #else 
....................       default     : lcd_send_byte(1,c);     break; 
00E5:  MOVLW  01
00E6:  MOVWF  2A
00E7:  MOVF   25,W
00E8:  MOVWF  2B
00E9:  CALL   03A
....................      #endif 
....................    } 
00EA:  RETURN
.................... } 
....................   
.................... char lcd_getc(unsigned int8 x, unsigned int8 y) 
.................... { 
....................    char value; 
....................  
....................    lcd_gotoxy(x,y); 
....................    while ( bit_test(lcd_read_byte(),7) ); // wait until busy flag is low 
....................    lcd_output_rs(1); 
....................    value = lcd_read_byte(); 
....................    lcd_output_rs(0); 
....................     
....................    return(value); 
.................... } 
....................  
.................... // write a custom character to the ram 
.................... // which is 0-7 and specifies which character array we are modifying. 
.................... // ptr points to an array of 8 bytes, where each byte is the next row of 
.................... //    pixels.  only bits 0-4 are used.  the last row is the cursor row, and 
.................... //    usually you will want to leave this byte 0x00. 
.................... void lcd_set_cgram_char(unsigned int8 which, unsigned int8 *ptr) 
.................... { 
....................    unsigned int i; 
....................  
....................    which <<= 3; 
....................    which &= 0x38; 
....................  
....................    lcd_send_byte(0, 0x40 | which);  //set cgram address 
....................  
....................    for(i=0; i<8; i++) 
....................    { 
....................       lcd_send_byte(1, *ptr++); 
....................    } 
....................    
....................    #if defined(LCD_EXTENDED_NEWLINE) 
....................     lcd_gotoxy(g_LcdX+1, g_LcdY+1);  //set ddram address 
....................    #endif 
.................... } 
....................  
.................... void lcd_cursor_on(int1 on) 
.................... { 
....................    if (on) 
....................    { 
....................       lcd_send_byte(0,0x0F);           //turn LCD cursor ON 
....................    } 
....................    else 
....................    { 
....................       lcd_send_byte(0,0x0C);           //turn LCD cursor OFF 
....................    } 
.................... } 
....................  
.................... #endif 
....................  
....................  
.................... void main (void) 
*
0138:  MOVLW  71
0139:  BSF    03.5
013A:  MOVWF  0F
013B:  MOVF   0F,W
013C:  BSF    03.6
013D:  MOVF   09,W
013E:  ANDLW  C0
013F:  MOVWF  09
0140:  BCF    03.6
0141:  BCF    1F.4
0142:  BCF    1F.5
0143:  MOVLW  00
0144:  BSF    03.6
0145:  MOVWF  08
0146:  BCF    03.5
0147:  CLRF   07
0148:  CLRF   08
0149:  CLRF   09
014A:  BCF    03.7
014B:  MOVLW  1F
014C:  ANDWF  03,F
....................    { 
....................        
....................       lcd_init(); // es para decir que vas a utilizar las dos lineas del LCD entre otras cosas 
014D:  BCF    03.6
014E:  GOTO   07A
....................       lcd_putc("hiram kareem"); // funcion para saber si responde 
014F:  MOVLW  0C
0150:  BSF    03.6
0151:  MOVWF  0D
0152:  MOVLW  00
0153:  MOVWF  0F
0154:  BCF    03.6
0155:  GOTO   0EB
....................       while(1) 
....................          { 
0156:  GOTO   156
....................              
....................          } 
....................    } 
0157:  SLEEP

Configuration Fuses:
   Word  1: 2FE4   INTRC_IO NOWDT PUT MCLR NOPROTECT NOCPD BROWNOUT IESO FCMEN NOLVP NODEBUG
   Word  2: 3FFF   BORV40 NOWRT
