
ROM used:   344/8192 (4%)
            344/8192 (4%) including unused fragments

            0.3 Average locations per line
            3.9 Average locations per statement

RAM used:   5/368 (1%) at main() level
            19/368 (5%) worst case

Stack used: 0 worst case (0 in main + 0 for interrupts)
Stack size: 8

Lines Stmts  %   Files
----- ----- ---  -----
   16     4   5  LCDminombre.c
  758     0   0  ..\..\..\..\..\Program Files (x86)\PICC\Devices\16f887.h
  456    84  95  ..\..\..\..\..\Program Files (x86)\PICC\Drivers\lcd.c
----- -----
 1230    88 Total

Page ROM  %  RAM   Vol Diff  Functions:
---- --- --- ---   --- ----  ----------
0     20   6    1             @delay_ms1
0      8   2    0             @const628
 Inline         3   596  5.9  lcd_read_byte
0      6   2    0    59  4.2  lcd_read_nibble
0     13   4    1   179  3.3  lcd_send_nibble
0     64  19    3   460  4.7  lcd_send_byte
0     51  15    2   667  5.9  lcd_init
0     18   5    4   208  6.3  lcd_gotoxy
0     44  13    1   354  4.7  lcd_putc
0     32   9    0    50  1.3  MAIN
0      7   2    0             @const661
0     77  22    4             @PSTRINGC7_646
 Inline         0             @cinit1

Program metrics:
    Functions               8
    Statements              88
    Comments                223
    Volume (V)              3899
    Difficulty (D)          35.1
    Effort to implement (E) 137001
    Time to implement (T)   2 hours, 7 minutes
    Est Delivered Bugs (B)  1
    Cyclomatic Complexity   8
    Maintainability (MI)    147

 Segment     Used  Free
-----------  ----  ----
00000-00003     4  0  
00004-007FF   340  1704  
00800-00FFF     0  2048  
01000-017FF     0  2048  
01800-01FFF     0  2048  



