
ROM used:   602/8192 (7%)
            602/8192 (7%) including unused fragments

            0.5 Average locations per line
            5.3 Average locations per statement

RAM used:   9/368 (2%) at main() level
            23/368 (6%) worst case

Stack used: 0 worst case (0 in main + 0 for interrupts)
Stack size: 8

Lines Stmts  %   Files
----- ----- ---  -----
   72    29  26  practicas 9 de julio.c
  758     0   0  ..\..\..\..\Program Files (x86)\PICC\Devices\16f887.h
  456    84  74  ..\..\..\..\Program Files (x86)\PICC\Drivers\lcd.c
----- -----
 1286   113 Total

Page ROM  %  RAM   Vol Diff  Functions:
---- --- --- ---   --- ----  ----------
0     20   3    1             @delay_ms1
0      8   1    0             @const628
 Inline         3   596  5.9  lcd_read_byte
0      6   1    0    59  4.2  lcd_read_nibble
0     13   2    1   179  3.3  lcd_send_nibble
0     64  11    3   460  4.7  lcd_send_byte
 Inline         2   667  5.9  lcd_init
0     18   3    4   208  6.3  lcd_gotoxy
0     44   7    1   354  4.7  lcd_putc
0     47   8    3   154  2.6  MAIN
0     60  10    0    48  1.1  init
0    113  19    2   426  3.3  lee_dato
0     29   5    4   239  6.2  procesa_dato
0     72  12    1    80  1.7  despliega
0      1   0    0    17  0.6  @const675
0     75  12    4             @PSTRINGC7_646
0      7   1    0             @const677
0     21   3    3             @DIV88
 Inline         2             @PRINTF_U_646
 Inline         0             @cinit1

Program metrics:
    Functions               13
    Statements              113
    Comments                223
    Volume (V)              5756
    Difficulty (D)          49.1
    Effort to implement (E) 282775
    Time to implement (T)   4 hours, 22 minutes
    Est Delivered Bugs (B)  1
    Cyclomatic Complexity   10
    Maintainability (MI)    111

 Segment     Used  Free
-----------  ----  ----
00000-00003     4  0  
00004-007FF   598  1446  
00800-00FFF     0  2048  
01000-017FF     0  2048  
01800-01FFF     0  2048  



