
ROM used:   370/8192 (5%)
            370/8192 (5%) including unused fragments

            0.3 Average locations per line
            3.9 Average locations per statement

RAM used:   7/368 (2%) at main() level
            21/368 (6%) worst case

Stack used: 0 worst case (0 in main + 0 for interrupts)
Stack size: 8

Lines Stmts  %   Files
----- ----- ---  -----
   31    11  12  hello.c
  758     0   0  ..\..\..\..\..\Program Files (x86)\PICC\Devices\16f887.h
  456    84  88  ..\..\..\..\..\Program Files (x86)\PICC\Drivers\lcd.c
----- -----
 1245    95 Total

Page ROM  %  RAM   Vol Diff  Functions:
---- --- --- ---   --- ----  ----------
0     20   5    1             @delay_ms1
0      8   2    0             @const628
 Inline         3   596  5.9  lcd_read_byte
0      6   2    0    59  4.2  lcd_read_nibble
0     13   4    1   179  3.3  lcd_send_nibble
0     64  17    3   460  4.7  lcd_send_byte
0     51  14    2   667  5.9  lcd_init
0     18   5    4   208  6.3  lcd_gotoxy
0     44  12    1   354  4.7  lcd_putc
0     63  17    2   307  4.0  MAIN
0      3   1    0             @const663
0     75  20    4             @PSTRINGC7_646
0      1   0    0             @const665
 Inline         0             @cinit1

Program metrics:
    Functions               8
    Statements              95
    Comments                222
    Volume (V)              4332
    Difficulty (D)          37.4
    Effort to implement (E) 162214
    Time to implement (T)   2 hours, 30 minutes
    Est Delivered Bugs (B)  1
    Cyclomatic Complexity   10
    Maintainability (MI)    146

 Segment     Used  Free
-----------  ----  ----
00000-00003     4  0  
00004-007FF   366  1678  
00800-00FFF     0  2048  
01000-017FF     0  2048  
01800-01FFF     0  2048  



