
ROM used:   27/8192 (0%)
            27/8192 (0%) including unused fragments

            0.0 Average locations per line
            13.5 Average locations per statement

RAM used:   6/368 (2%) at main() level
            6/368 (2%) worst case

Stack used: 0 worst case (0 in main + 0 for interrupts)
Stack size: 8

Lines Stmts  %   Files
----- ----- ---  -----
   20     2 100  leds_parpadeantes.c
  758     0   0  ..\..\..\..\..\..\Program Files (x86)\PICC\Devices\16f887.h
    2     0   0  timers.h
----- -----
  780     2 Total

Page ROM  %  RAM   Vol Diff  Functions:
---- --- --- ---   --- ----  ----------
0     23  85    1    43  1.8  main
 Inline         0             @cinit1

Program metrics:
    Functions               1
    Statements              2
    Comments                121
    Volume (V)              44
    Difficulty (D)          1.6
    Effort to implement (E) 69
    Time to implement (T)   0 minutes
    Est Delivered Bugs (B)  0
    Cyclomatic Complexity   1
    Maintainability (MI)    91

 Segment     Used  Free
-----------  ----  ----
00000-00003     4  0  
00004-007FF    23  2021  
00800-00FFF     0  2048  
01000-017FF     0  2048  
01800-01FFF     0  2048  



