
ROM used:   117/8192 (1%)
            117/8192 (1%) including unused fragments

            0.1 Average locations per line
            6.9 Average locations per statement

RAM used:   6/368 (2%) at main() level
            7/368 (2%) worst case

Stack used: 0 worst case (0 in main + 0 for interrupts)
Stack size: 8

Lines Stmts  %   Files
----- ----- ---  -----
   41    17 100  pot.c
  758     0   0  ..\..\..\..\..\Program Files (x86)\PICC\Devices\16f887.h
----- -----
  799    17 Total

Page ROM  %  RAM   Vol Diff  Functions:
---- --- --- ---   --- ----  ----------
0     22  19    1   305  4.6  @delay_ms1
0     91  78    1   388  4.7  main
 Inline         0             @cinit1

Program metrics:
    Functions               2
    Statements              17
    Comments                127
    Volume (V)              826
    Difficulty (D)          9.2
    Effort to implement (E) 7558
    Time to implement (T)   7 minutes
    Est Delivered Bugs (B)  0
    Cyclomatic Complexity   4
    Maintainability (MI)    94

 Segment     Used  Free
-----------  ----  ----
00000-00003     4  0  
00004-007FF   113  1931  
00800-00FFF     0  2048  
01000-017FF     0  2048  
01800-01FFF     0  2048  



