
ROM used:   81/8192 (1%)
            81/8192 (1%) including unused fragments

            0.1 Average locations per line
            5.1 Average locations per statement

RAM used:   5/368 (1%) at main() level
            6/368 (2%) worst case

Stack used: 0 worst case (0 in main + 0 for interrupts)
Stack size: 8

Lines Stmts  %   Files
----- ----- ---  -----
   36    16 100  leds2.c
  758     0   0  ..\..\..\..\..\Program Files (x86)\PICC\Devices\16f887.h
----- -----
  794    16 Total

Page ROM  %  RAM   Vol Diff  Functions:
---- --- --- ---   --- ----  ----------
0     20  25    1             @delay_ms1
0     57  70    0   305  4.6  main
 Inline         0             @cinit1

Program metrics:
    Functions               1
    Statements              16
    Comments                123
    Volume (V)              310
    Difficulty (D)          4.3
    Effort to implement (E) 1327
    Time to implement (T)   1 minutes
    Est Delivered Bugs (B)  0
    Cyclomatic Complexity   2
    Maintainability (MI)    46

 Segment     Used  Free
-----------  ----  ----
00000-00003     4  0  
00004-007FF    77  1967  
00800-00FFF     0  2048  
01000-017FF     0  2048  
01800-01FFF     0  2048  



