
ROM used:   73/8192 (1%)
            73/8192 (1%) including unused fragments

            0.1 Average locations per line
            6.1 Average locations per statement

RAM used:   5/368 (1%) at main() level
            6/368 (2%) worst case

Stack used: 0 worst case (0 in main + 0 for interrupts)
Stack size: 8

Lines Stmts  %   Files
----- ----- ---  -----
   28    12 100  leds.c
  758     0   0  ..\..\..\..\..\Program Files (x86)\PICC\Devices\16f887.h
----- -----
  786    12 Total

Page ROM  %  RAM   Vol Diff  Functions:
---- --- --- ---   --- ----  ----------
0     20  27    1             @delay_ms1
0     49  67    0   231  3.6  main
 Inline         0             @cinit1

Program metrics:
    Functions               1
    Statements              12
    Comments                121
    Volume (V)              235
    Difficulty (D)          3.3
    Effort to implement (E) 783
    Time to implement (T)   1 minutes
    Est Delivered Bugs (B)  0
    Cyclomatic Complexity   1
    Maintainability (MI)    54

 Segment     Used  Free
-----------  ----  ----
00000-00003     4  0  
00004-007FF    69  1975  
00800-00FFF     0  2048  
01000-017FF     0  2048  
01800-01FFF     0  2048  



