
ROM used:   371/8192 (5%)
            371/8192 (5%) including unused fragments

            0.3 Average locations per line
            3.9 Average locations per statement

RAM used:   7/368 (2%) at main() level
            20/368 (5%) worst case

Stack used: 0 worst case (0 in main + 0 for interrupts)
Stack size: 8

Lines Stmts  %   Files
----- ----- ---  -----
   27    11  12  entradas.c
  758     0   0  ..\..\..\..\..\Program Files (x86)\PICC\Devices\16f887.h
  456    84  88  ..\..\..\..\..\Program Files (x86)\PICC\Drivers\lcd.c
----- -----
 1241    95 Total

Page ROM  %  RAM   Vol Diff  Functions:
---- --- --- ---   --- ----  ----------
0     20   5    1             @delay_ms1
0      8   2    0             @const628
 Inline         3   596  5.9  lcd_read_byte
0      6   2    0    59  4.2  lcd_read_nibble
0     13   4    1   179  3.3  lcd_send_nibble
0     64  17    3   460  4.7  lcd_send_byte
0     51  14    2   667  5.9  lcd_init
0     18   5    4   208  6.3  lcd_gotoxy
0     44  12    1   354  4.7  lcd_putc
0     62  17    1   181  2.9  MAIN
0      4   1    0             @const662
0     77  21    4             @PSTRINGC7_646
 Inline         0             @cinit1

Program metrics:
    Functions               8
    Statements              95
    Comments                221
    Volume (V)              4135
    Difficulty (D)          36.6
    Effort to implement (E) 151498
    Time to implement (T)   2 hours, 20 minutes
    Est Delivered Bugs (B)  1
    Cyclomatic Complexity   9
    Maintainability (MI)    146

 Segment     Used  Free
-----------  ----  ----
00000-00003     4  0  
00004-007FF   367  1677  
00800-00FFF     0  2048  
01000-017FF     0  2048  
01800-01FFF     0  2048  



