*** Error 43 "main.c" Line 16(1,3): Expecting a declaration
*** Error 43 "main.c" Line 16(3,4): Expecting a declaration
*** Error 29 "main.c" Line 16(11,12): Function definition different from previous definition  kbhit Param#1
*** Error 48 "main.c" Line 18(20,21): Expecting a (
*** Error 48 "main.c" Line 19(20,21): Expecting a (
*** Error 48 "main.c" Line 19(23,27): Expecting a (
*** Error 43 "main.c" Line 20(26,27): Expecting a declaration
*** Error 43 "main.c" Line 20(49,50): Expecting a declaration
*** Error 43 "main.c" Line 20(49,50): Expecting a declaration
*** Error 48 "main.c" Line 20(50,54): Expecting a (
*** Error 43 "main.c" Line 20(55,56): Expecting a declaration
*** Error 43 "main.c" Line 22(13,14): Expecting a declaration
*** Error 76 "main.c" Line 46(10,12): Expect ;
*** Error 12 "main.c" Line 54(13,22): Undefined identifier   resultado
*** Error 12 "main.c" Line 55(25,34): Undefined identifier   resultado
*** Error 173 "main.c" Line 60(11,22): Functions may not be nested
*** Error 127 "main.c" Line 83(7,13): Return value not allowed in void function
*** Error 79 "main.c" Line 85(1,2): Expect }
*** Error 79 "main.c" Line 85(1,2): Expect }
      19 Errors,  0 Warnings.
Build Failed.
