
ROM used:   562/8192 (7%)
            562/8192 (7%) including unused fragments

            0.4 Average locations per line
            5.2 Average locations per statement

RAM used:   12/368 (3%) at main() level
            25/368 (7%) worst case

Stack used: 0 worst case (0 in main + 0 for interrupts)
Stack size: 8

Lines Stmts  %   Files
----- ----- ---  -----
   61    24  22  main.c
  758     0   0  ..\..\..\..\..\Program Files (x86)\PICC\Devices\16f887.h
  456    84  78  ..\..\..\..\..\Program Files (x86)\PICC\Drivers\lcd.c
----- -----
 1275   108 Total

Page ROM  %  RAM   Vol Diff  Functions:
---- --- --- ---   --- ----  ----------
0     20   4    1             @delay_ms1
0      8   1    0   357  4.1  @const628
 Inline         3   596  5.9  lcd_read_byte
0      6   1    0    59  4.2  lcd_read_nibble
0     13   2    1   179  3.3  lcd_send_nibble
0     64  11    3   460  4.7  lcd_send_byte
0     51   9    2   667  5.9  lcd_init
0     18   3    4   208  6.3  lcd_gotoxy
0     44   8    1   354  4.7  lcd_putc
0     91  16    2   267  2.7  MAIN
0      1   0    0   619  5.4  @const670
0     77  14    4   619  5.4  @PSTRINGC7_646
0     21   4    3   619  5.4  @DIV88
0     55  10    2             @PRINTF_U_646
0     89  16   10   619  5.4  lee_microsw
 Inline         0             @cinit1

Program metrics:
    Functions               13
    Statements              108
    Comments                223
    Volume (V)              9211
    Difficulty (D)          61.7
    Effort to implement (E) 568002
    Time to implement (T)   8 hours, 46 minutes
    Est Delivered Bugs (B)  2
    Cyclomatic Complexity   13
    Maintainability (MI)    109

 Segment     Used  Free
-----------  ----  ----
00000-00003     4  0  
00004-007FF   558  1486  
00800-00FFF     0  2048  
01000-017FF     0  2048  
01800-01FFF     0  2048  



