CCS PCM C Compiler, Version 5.005d, 1               03-jul-13 12:18
Compiler operating in Evaluation Mode
To obtain a fully enabled compiler visit www.ccsinfo.com/products

               Filename:   C:\Users\p2\Desktop\kareem\practicas 3 de  julio\main.lst

               ROM used:   562 words (7%)
                           Largest free fragment is 2048
               RAM used:   12 (3%) at main() level
                           25 (7%) worst case
               Stack used: 0 locations
               Stack size: 8

*
0000:  MOVLW  01
0001:  MOVWF  0A
0002:  GOTO   1D7
0003:  NOP
.................... #include <16f887.h> 
.................... //////// Standard Header file for the PIC16F887 device //////////////// 
.................... #device PIC16F887 
0004:  BCF    0A.0
0005:  BCF    0A.1
0006:  BCF    0A.2
0007:  ADDWF  02,F
0008:  RETLW  28
0009:  RETLW  0C
000A:  RETLW  01
000B:  RETLW  06
000C:  DATA 0C,00
*
00E5:  MOVF   0B,W
00E6:  MOVWF  26
00E7:  BCF    0B.7
00E8:  BSF    03.5
00E9:  BSF    03.6
00EA:  BSF    0C.7
00EB:  BSF    0C.0
00EC:  NOP
00ED:  NOP
00EE:  BCF    03.5
00EF:  MOVF   0C,W
00F0:  ANDLW  7F
00F1:  BTFSC  03.2
00F2:  GOTO   12C
00F3:  BCF    03.6
00F4:  MOVWF  27
00F5:  BSF    03.6
00F6:  MOVF   0D,W
00F7:  BCF    03.6
00F8:  MOVWF  28
00F9:  BSF    03.6
00FA:  MOVF   0F,W
00FB:  BCF    03.6
00FC:  MOVWF  29
00FD:  MOVF   27,W
00FE:  MOVWF  2A
00FF:  CALL   0B9
0100:  MOVF   28,W
0101:  BSF    03.6
0102:  MOVWF  0D
0103:  BCF    03.6
0104:  MOVF   29,W
0105:  BSF    03.6
0106:  MOVWF  0F
0107:  BSF    03.5
0108:  BSF    0C.7
0109:  BSF    0C.0
010A:  NOP
010B:  NOP
010C:  BCF    03.5
010D:  RLF    0C,W
010E:  RLF    0E,W
010F:  ANDLW  7F
0110:  BTFSC  03.2
0111:  GOTO   12C
0112:  BCF    03.6
0113:  MOVWF  27
0114:  BSF    03.6
0115:  MOVF   0D,W
0116:  BCF    03.6
0117:  MOVWF  28
0118:  BSF    03.6
0119:  MOVF   0F,W
011A:  BCF    03.6
011B:  MOVWF  29
011C:  MOVF   27,W
011D:  MOVWF  2A
011E:  CALL   0B9
011F:  MOVF   28,W
0120:  BSF    03.6
0121:  MOVWF  0D
0122:  BCF    03.6
0123:  MOVF   29,W
0124:  BSF    03.6
0125:  MOVWF  0F
0126:  INCF   0D,F
0127:  BTFSC  03.2
0128:  INCF   0F,F
0129:  BCF    03.6
012A:  GOTO   0E8
012B:  BSF    03.6
012C:  BCF    03.6
012D:  BTFSC  26.7
012E:  BSF    0B.7
012F:  BCF    0A.3
0130:  BCF    0A.4
0131:  GOTO   21C (RETURN)
*
018B:  MOVF   29,W
018C:  CLRF   78
018D:  SUBWF  28,W
018E:  BTFSC  03.0
018F:  GOTO   193
0190:  MOVF   28,W
0191:  MOVWF  77
0192:  GOTO   19F
0193:  CLRF   77
0194:  MOVLW  08
0195:  MOVWF  2A
0196:  RLF    28,F
0197:  RLF    77,F
0198:  MOVF   29,W
0199:  SUBWF  77,W
019A:  BTFSC  03.0
019B:  MOVWF  77
019C:  RLF    78,F
019D:  DECFSZ 2A,F
019E:  GOTO   196
019F:  RETURN
01A0:  MOVF   78,W
01A1:  MOVF   26,W
01A2:  MOVWF  28
01A3:  MOVLW  64
01A4:  MOVWF  29
01A5:  CALL   18B
01A6:  MOVF   77,W
01A7:  MOVWF  26
01A8:  MOVF   78,W
01A9:  MOVLW  30
01AA:  BTFSS  03.2
01AB:  GOTO   1B3
01AC:  BTFSS  27.1
01AD:  GOTO   1BA
01AE:  BTFSC  27.3
01AF:  GOTO   1BA
01B0:  BTFSC  27.4
01B1:  MOVLW  20
01B2:  GOTO   1B6
01B3:  BCF    27.3
01B4:  BCF    27.4
01B5:  BSF    27.0
01B6:  ADDWF  78,F
01B7:  MOVF   78,W
01B8:  MOVWF  2A
01B9:  CALL   0B9
01BA:  MOVF   26,W
01BB:  MOVWF  28
01BC:  MOVLW  0A
01BD:  MOVWF  29
01BE:  CALL   18B
01BF:  MOVF   77,W
01C0:  MOVWF  26
01C1:  MOVF   78,W
01C2:  MOVLW  30
01C3:  BTFSS  03.2
01C4:  GOTO   1CB
01C5:  BTFSC  27.3
01C6:  GOTO   1CF
01C7:  BTFSS  27.0
01C8:  GOTO   1CF
01C9:  BTFSC  27.4
01CA:  MOVLW  20
01CB:  ADDWF  78,F
01CC:  MOVF   78,W
01CD:  MOVWF  2A
01CE:  CALL   0B9
01CF:  MOVLW  30
01D0:  ADDWF  26,F
01D1:  MOVF   26,W
01D2:  MOVWF  2A
01D3:  CALL   0B9
01D4:  BCF    0A.3
01D5:  BCF    0A.4
01D6:  GOTO   224 (RETURN)
....................  
.................... #list 
....................  
.................... #fuses INTRC_IO 
.................... #use delay(clock=8000000) 
*
000D:  MOVLW  2B
000E:  MOVWF  04
000F:  BCF    03.7
0010:  MOVF   00,W
0011:  BTFSC  03.2
0012:  GOTO   020
0013:  MOVLW  02
0014:  MOVWF  78
0015:  CLRF   77
0016:  DECFSZ 77,F
0017:  GOTO   016
0018:  DECFSZ 78,F
0019:  GOTO   015
001A:  MOVLW  97
001B:  MOVWF  77
001C:  DECFSZ 77,F
001D:  GOTO   01C
001E:  DECFSZ 00,F
001F:  GOTO   013
0020:  RETURN
.................... #include <lcd.c> 
.................... /////////////////////////////////////////////////////////////////////////////// 
.................... ////                             LCD.C                                     //// 
.................... ////                 Driver for common LCD modules                         //// 
.................... ////                                                                       //// 
.................... ////  lcd_init()   Must be called before any other function.               //// 
.................... ////                                                                       //// 
.................... ////  lcd_putc(c)  Will display c on the next position of the LCD.         //// 
.................... ////                 \a  Set cursor position to upper left                 //// 
.................... ////                 \f  Clear display, set cursor to upper left           //// 
.................... ////                 \n  Go to start of second line                        //// 
.................... ////                 \b  Move back one position                            //// 
.................... ////              If LCD_EXTENDED_NEWLINE is defined, the \n character     //// 
.................... ////              will erase all remanining characters on the current      //// 
.................... ////              line, and move the cursor to the beginning of the next   //// 
.................... ////              line.                                                    //// 
.................... ////              If LCD_EXTENDED_NEWLINE is defined, the \r character     //// 
.................... ////              will move the cursor to the start of the current         //// 
.................... ////              line.                                                    //// 
.................... ////                                                                       //// 
.................... ////  lcd_gotoxy(x,y) Set write position on LCD (upper left is 1,1)        //// 
.................... ////                                                                       //// 
.................... ////  lcd_getc(x,y)   Returns character at position x,y on LCD             //// 
.................... ////                                                                       //// 
.................... ////  lcd_cursor_on(int1 on)   Turn the cursor on (on=TRUE) or off         //// 
.................... ////              (on=FALSE).                                              //// 
.................... ////                                                                       //// 
.................... ////  lcd_set_cgram_char(w, *p)   Write a custom character to the CGRAM.   //// 
.................... ////                                                                       //// 
.................... ////                                                                       //// 
.................... ////  CONFIGURATION                                                        //// 
.................... ////  The LCD can be configured in one of two ways: a.) port access or     //// 
.................... ////  b.) pin access.  Port access requires the entire 7 bit interface     //// 
.................... ////  connected to one GPIO port, and the data bits (D4:D7 of the LCD)     //// 
.................... ////  connected to sequential pins on the GPIO.  Pin access                //// 
.................... ////  has no requirements, all 7 bits of the control interface can         //// 
.................... ////  can be connected to any GPIO using several ports.                    //// 
.................... ////                                                                       //// 
.................... ////  To use port access, #define LCD_DATA_PORT to the SFR location of     //// 
.................... ////  of the GPIO port that holds the interface, -AND- edit LCD_PIN_MAP    //// 
.................... ////  of this file to configure the pin order.  If you are using a         //// 
.................... ////  baseline PIC (PCB), then LCD_OUTPUT_MAP and LCD_INPUT_MAP also must  //// 
.................... ////  be defined.                                                          //// 
.................... ////                                                                       //// 
.................... ////  Example of port access:                                              //// 
.................... ////     #define LCD_DATA_PORT getenv("SFR:PORTD")                         //// 
.................... ////                                                                       //// 
.................... ////  To use pin access, the following pins must be defined:               //// 
.................... ////     LCD_ENABLE_PIN                                                    //// 
.................... ////     LCD_RS_PIN                                                        //// 
.................... ////     LCD_RW_PIN                                                        //// 
.................... ////     LCD_DATA4                                                         //// 
.................... ////     LCD_DATA5                                                         //// 
.................... ////     LCD_DATA6                                                         //// 
.................... ////     LCD_DATA7                                                         //// 
.................... ////                                                                       //// 
.................... ////  Example of pin access:                                               //// 
.................... ////     #define LCD_ENABLE_PIN  PIN_E0                                    //// 
.................... ////     #define LCD_RS_PIN      PIN_E1                                    //// 
.................... ////     #define LCD_RW_PIN      PIN_E2                                    //// 
.................... ////     #define LCD_DATA4       PIN_D4                                    //// 
.................... ////     #define LCD_DATA5       PIN_D5                                    //// 
.................... ////     #define LCD_DATA6       PIN_D6                                    //// 
.................... ////     #define LCD_DATA7       PIN_D7                                    //// 
.................... ////                                                                       //// 
.................... /////////////////////////////////////////////////////////////////////////////// 
.................... ////        (C) Copyright 1996,2010 Custom Computer Services           //// 
.................... //// This source code may only be used by licensed users of the CCS C  //// 
.................... //// compiler.  This source code may only be distributed to other      //// 
.................... //// licensed users of the CCS C compiler.  No other use, reproduction //// 
.................... //// or distribution is permitted without written permission.          //// 
.................... //// Derivative programs created using this software in object code    //// 
.................... //// form are not restricted in any way.                               //// 
.................... /////////////////////////////////////////////////////////////////////////// 
....................  
.................... #ifndef __LCD_C__ 
.................... #define __LCD_C__ 
....................  
.................... // define the pinout. 
.................... // only required if port access is being used. 
.................... typedef struct   
.................... {                            // This structure is overlayed 
....................    int1 enable;           // on to an I/O port to gain 
....................    int1 rs;               // access to the LCD pins. 
....................    int1 rw;               // The bits are allocated from 
....................    int1 unused;           // low order up.  ENABLE will 
....................    unsigned int     data : 4;         // be LSB pin of that port. 
....................   #if defined(__PCD__)       // The port used will be LCD_DATA_PORT. 
....................    unsigned int    reserved: 8; 
....................   #endif 
.................... } LCD_PIN_MAP; 
....................  
.................... // this is to improve compatability with previous LCD drivers that accepted 
.................... // a define labeled 'use_portb_lcd' that configured the LCD onto port B. 
.................... #if ((defined(use_portb_lcd)) && (use_portb_lcd==TRUE)) 
....................  #define LCD_DATA_PORT getenv("SFR:PORTB") 
.................... #endif 
....................  
.................... #if defined(__PCB__) 
....................    // these definitions only need to be modified for baseline PICs. 
....................    // all other PICs use LCD_PIN_MAP or individual LCD_xxx pin definitions. 
.................... /*                                    EN, RS,   RW,   UNUSED,  DATA  */ 
....................  const LCD_PIN_MAP LCD_OUTPUT_MAP =  {0,  0,    0,    0,       0}; 
....................  const LCD_PIN_MAP LCD_INPUT_MAP =   {0,  0,    0,    0,       0xF}; 
.................... #endif 
....................  
.................... ////////////////////// END CONFIGURATION /////////////////////////////////// 
....................  
.................... #ifndef LCD_ENABLE_PIN 
....................    #define lcd_output_enable(x) lcdlat.enable=x 
....................    #define lcd_enable_tris()   lcdtris.enable=0 
.................... #else 
....................    #define lcd_output_enable(x) output_bit(LCD_ENABLE_PIN, x) 
....................    #define lcd_enable_tris()  output_drive(LCD_ENABLE_PIN) 
.................... #endif 
....................  
.................... #ifndef LCD_RS_PIN 
....................    #define lcd_output_rs(x) lcdlat.rs=x 
....................    #define lcd_rs_tris()   lcdtris.rs=0 
.................... #else 
....................    #define lcd_output_rs(x) output_bit(LCD_RS_PIN, x) 
....................    #define lcd_rs_tris()  output_drive(LCD_RS_PIN) 
.................... #endif 
....................  
.................... #ifndef LCD_RW_PIN 
....................    #define lcd_output_rw(x) lcdlat.rw=x 
....................    #define lcd_rw_tris()   lcdtris.rw=0 
.................... #else 
....................    #define lcd_output_rw(x) output_bit(LCD_RW_PIN, x) 
....................    #define lcd_rw_tris()  output_drive(LCD_RW_PIN) 
.................... #endif 
....................  
.................... // original version of this library incorrectly labeled LCD_DATA0 as LCD_DATA4, 
.................... // LCD_DATA1 as LCD_DATA5, and so on.  this block of code makes the driver 
.................... // compatible with any code written for the original library 
.................... #if (defined(LCD_DATA0) && defined(LCD_DATA1) && defined(LCD_DATA2) && defined(LCD_DATA3) && !defined(LCD_DATA4) && !defined(LCD_DATA5) && !defined(LCD_DATA6) && !defined(LCD_DATA7)) 
....................    #define  LCD_DATA4    LCD_DATA0 
....................    #define  LCD_DATA5    LCD_DATA1 
....................    #define  LCD_DATA6    LCD_DATA2 
....................    #define  LCD_DATA7    LCD_DATA3 
.................... #endif 
....................  
.................... #ifndef LCD_DATA4 
.................... #ifndef LCD_DATA_PORT 
....................    #if defined(__PCB__) 
....................       #define LCD_DATA_PORT      0x06     //portb 
....................       #define set_tris_lcd(x)   set_tris_b(x) 
....................    #else 
....................      #if defined(PIN_D0) 
....................       #define LCD_DATA_PORT      getenv("SFR:PORTD")     //portd 
....................      #else 
....................       #define LCD_DATA_PORT      getenv("SFR:PORTB")     //portb 
....................      #endif 
....................    #endif    
.................... #endif 
....................  
.................... #if defined(__PCB__) 
....................    LCD_PIN_MAP lcd, lcdlat; 
....................    #byte lcd = LCD_DATA_PORT 
....................    #byte lcdlat = LCD_DATA_PORT 
.................... #elif defined(__PCM__) 
....................    LCD_PIN_MAP lcd, lcdlat, lcdtris; 
....................    #byte lcd = LCD_DATA_PORT 
....................    #byte lcdlat = LCD_DATA_PORT 
....................    #byte lcdtris = LCD_DATA_PORT+0x80 
.................... #elif defined(__PCH__) 
....................    LCD_PIN_MAP lcd, lcdlat, lcdtris; 
....................    #byte lcd = LCD_DATA_PORT 
....................    #byte lcdlat = LCD_DATA_PORT+9 
....................    #byte lcdtris = LCD_DATA_PORT+0x12 
.................... #elif defined(__PCD__) 
....................    LCD_PIN_MAP lcd, lcdlat, lcdtris; 
....................    #word lcd = LCD_DATA_PORT 
....................    #word lcdlat = LCD_DATA_PORT+2 
....................    #word lcdtris = LCD_DATA_PORT-0x02 
.................... #endif 
.................... #endif   //LCD_DATA4 not defined 
....................  
.................... #ifndef LCD_TYPE 
....................    #define LCD_TYPE 2           // 0=5x7, 1=5x10, 2=2 lines 
.................... #endif 
....................  
.................... #ifndef LCD_LINE_TWO 
....................    #define LCD_LINE_TWO 0x40    // LCD RAM address for the second line 
.................... #endif 
....................  
.................... #ifndef LCD_LINE_LENGTH 
....................    #define LCD_LINE_LENGTH 20 
.................... #endif 
....................  
.................... unsigned int8 const LCD_INIT_STRING[4] = {0x20 | (LCD_TYPE << 2), 0xc, 1, 6}; 
....................                              // These bytes need to be sent to the LCD 
....................                              // to start it up. 
....................  
.................... unsigned int8 lcd_read_nibble(void); 
....................  
.................... unsigned int8 lcd_read_byte(void) 
.................... { 
....................    unsigned int8 low,high; 
....................  
....................  #if defined(__PCB__) 
....................    set_tris_lcd(LCD_INPUT_MAP); 
....................  #else 
....................   #if (defined(LCD_DATA4) && defined(LCD_DATA5) && defined(LCD_DATA6) && defined(LCD_DATA7)) 
....................    output_float(LCD_DATA4); 
....................    output_float(LCD_DATA5); 
....................    output_float(LCD_DATA6); 
....................    output_float(LCD_DATA7); 
....................   #else 
....................    lcdtris.data = 0xF; 
*
003A:  MOVLW  0F
003B:  BSF    03.5
003C:  ANDWF  08,W
003D:  IORLW  F0
003E:  MOVWF  08
....................   #endif 
....................  #endif 
....................          
....................    lcd_output_rw(1); 
003F:  BCF    03.5
0040:  BSF    08.2
....................    delay_cycles(1); 
0041:  NOP
....................    lcd_output_enable(1); 
0042:  BSF    08.0
....................    delay_cycles(1); 
0043:  NOP
....................    high = lcd_read_nibble(); 
0044:  CALL   02E
0045:  MOVF   78,W
0046:  MOVWF  32
....................        
....................    lcd_output_enable(0); 
0047:  BCF    08.0
....................    delay_cycles(1); 
0048:  NOP
....................    lcd_output_enable(1); 
0049:  BSF    08.0
....................    delay_us(1); 
004A:  GOTO   04B
....................    low = lcd_read_nibble(); 
004B:  CALL   02E
004C:  MOVF   78,W
004D:  MOVWF  31
....................        
....................    lcd_output_enable(0); 
004E:  BCF    08.0
....................  
....................  #if defined(__PCB__) 
....................    set_tris_lcd(LCD_OUTPUT_MAP); 
....................  #else 
....................   #if (defined(LCD_DATA4) && defined(LCD_DATA5) && defined(LCD_DATA6) && defined(LCD_DATA7)) 
....................    output_drive(LCD_DATA4); 
....................    output_drive(LCD_DATA5); 
....................    output_drive(LCD_DATA6); 
....................    output_drive(LCD_DATA7); 
....................   #else 
....................    lcdtris.data = 0x0; 
004F:  MOVLW  0F
0050:  BSF    03.5
0051:  ANDWF  08,W
0052:  MOVWF  08
....................   #endif 
....................  #endif 
....................  
....................    return( (high<<4) | low); 
0053:  BCF    03.5
0054:  SWAPF  32,W
0055:  MOVWF  77
0056:  MOVLW  F0
0057:  ANDWF  77,F
0058:  MOVF   77,W
0059:  IORWF  31,W
005A:  MOVWF  78
.................... } 
....................  
.................... unsigned int8 lcd_read_nibble(void) 
.................... { 
....................   #if (defined(LCD_DATA4) && defined(LCD_DATA5) && defined(LCD_DATA6) && defined(LCD_DATA7)) 
....................    unsigned int8 n = 0x00; 
....................  
....................    /* Read the data port */ 
....................    n |= input(LCD_DATA4); 
....................    n |= input(LCD_DATA5) << 1; 
....................    n |= input(LCD_DATA6) << 2; 
....................    n |= input(LCD_DATA7) << 3; 
....................     
....................    return(n); 
....................   #else 
....................    return(lcd.data); 
*
002E:  MOVF   08,W
002F:  MOVWF  77
0030:  SWAPF  08,W
0031:  ANDLW  0F
0032:  MOVWF  78
....................   #endif 
0033:  RETURN
.................... } 
....................  
.................... void lcd_send_nibble(unsigned int8 n) 
.................... { 
....................   #if (defined(LCD_DATA4) && defined(LCD_DATA5) && defined(LCD_DATA6) && defined(LCD_DATA7)) 
....................    /* Write to the data port */ 
....................    output_bit(LCD_DATA4, bit_test(n, 0)); 
....................    output_bit(LCD_DATA5, bit_test(n, 1)); 
....................    output_bit(LCD_DATA6, bit_test(n, 2)); 
....................    output_bit(LCD_DATA7, bit_test(n, 3)); 
....................   #else       
....................    lcdlat.data = n; 
*
0021:  SWAPF  32,W
0022:  ANDLW  F0
0023:  MOVWF  77
0024:  MOVLW  0F
0025:  ANDWF  08,W
0026:  IORWF  77,W
0027:  MOVWF  08
....................   #endif 
....................        
....................    delay_cycles(1); 
0028:  NOP
....................    lcd_output_enable(1); 
0029:  BSF    08.0
....................    delay_us(2); 
002A:  GOTO   02B
002B:  GOTO   02C
....................    lcd_output_enable(0); 
002C:  BCF    08.0
002D:  RETURN
.................... } 
....................  
.................... void lcd_send_byte(unsigned int8 address, unsigned int8 n) 
.................... { 
....................   #if defined(__PCB__) 
....................    set_tris_lcd(LCD_OUTPUT_MAP); 
....................   #else 
....................    lcd_enable_tris(); 
*
0034:  BSF    03.5
0035:  BCF    08.0
....................    lcd_rs_tris(); 
0036:  BCF    08.1
....................    lcd_rw_tris(); 
0037:  BCF    08.2
....................   #endif 
....................  
....................    lcd_output_rs(0); 
0038:  BCF    03.5
0039:  BCF    08.1
....................    while ( bit_test(lcd_read_byte(),7) ) ; 
*
005B:  MOVF   78,W
005C:  MOVWF  31
005D:  BTFSC  31.7
005E:  GOTO   03A
....................    lcd_output_rs(address); 
005F:  BTFSS  2F.0
0060:  BCF    08.1
0061:  BTFSC  2F.0
0062:  BSF    08.1
....................    delay_cycles(1); 
0063:  NOP
....................    lcd_output_rw(0); 
0064:  BCF    08.2
....................    delay_cycles(1); 
0065:  NOP
....................    lcd_output_enable(0); 
0066:  BCF    08.0
....................    lcd_send_nibble(n >> 4); 
0067:  SWAPF  30,W
0068:  MOVWF  31
0069:  MOVLW  0F
006A:  ANDWF  31,F
006B:  MOVF   31,W
006C:  MOVWF  32
006D:  CALL   021
....................    lcd_send_nibble(n & 0xf); 
006E:  MOVF   30,W
006F:  ANDLW  0F
0070:  MOVWF  31
0071:  MOVWF  32
0072:  CALL   021
0073:  RETURN
.................... } 
....................  
.................... #if defined(LCD_EXTENDED_NEWLINE) 
.................... unsigned int8 g_LcdX, g_LcdY; 
.................... #endif 
....................  
.................... void lcd_init(void)  
.................... { 
....................    unsigned int8 i; 
....................  
....................  #if defined(__PCB__) 
....................    set_tris_lcd(LCD_OUTPUT_MAP); 
....................  #else 
....................   #if (defined(LCD_DATA4) && defined(LCD_DATA5) && defined(LCD_DATA6) && defined(LCD_DATA7)) 
....................    output_drive(LCD_DATA4); 
....................    output_drive(LCD_DATA5); 
....................    output_drive(LCD_DATA6); 
....................    output_drive(LCD_DATA7); 
....................   #else 
....................    lcdtris.data = 0x0; 
0074:  MOVLW  0F
0075:  BSF    03.5
0076:  ANDWF  08,W
0077:  MOVWF  08
....................   #endif 
....................    lcd_enable_tris(); 
0078:  BCF    08.0
....................    lcd_rs_tris(); 
0079:  BCF    08.1
....................    lcd_rw_tris(); 
007A:  BCF    08.2
....................  #endif 
....................  
....................    lcd_output_rs(0); 
007B:  BCF    03.5
007C:  BCF    08.1
....................    lcd_output_rw(0); 
007D:  BCF    08.2
....................    lcd_output_enable(0); 
007E:  BCF    08.0
....................      
....................    delay_ms(15); 
007F:  MOVLW  0F
0080:  MOVWF  2B
0081:  CALL   00D
....................    for(i=1;i<=3;++i) 
0082:  MOVLW  01
0083:  MOVWF  26
0084:  MOVF   26,W
0085:  SUBLW  03
0086:  BTFSS  03.0
0087:  GOTO   090
....................    { 
....................        lcd_send_nibble(3); 
0088:  MOVLW  03
0089:  MOVWF  32
008A:  CALL   021
....................        delay_ms(5); 
008B:  MOVLW  05
008C:  MOVWF  2B
008D:  CALL   00D
008E:  INCF   26,F
008F:  GOTO   084
....................    } 
....................     
....................    lcd_send_nibble(2); 
0090:  MOVLW  02
0091:  MOVWF  32
0092:  CALL   021
....................    delay_ms(5); 
0093:  MOVLW  05
0094:  MOVWF  2B
0095:  CALL   00D
....................    for(i=0;i<=3;++i) 
0096:  CLRF   26
0097:  MOVF   26,W
0098:  SUBLW  03
0099:  BTFSS  03.0
009A:  GOTO   0A4
....................       lcd_send_byte(0,LCD_INIT_STRING[i]); 
009B:  MOVF   26,W
009C:  CALL   004
009D:  MOVWF  27
009E:  CLRF   2F
009F:  MOVF   27,W
00A0:  MOVWF  30
00A1:  CALL   034
....................  
....................   #if defined(LCD_EXTENDED_NEWLINE) 
00A2:  INCF   26,F
00A3:  GOTO   097
00A4:  BCF    0A.3
00A5:  BCF    0A.4
00A6:  GOTO   1FC (RETURN)
....................    g_LcdX = 0; 
....................    g_LcdY = 0; 
....................   #endif 
.................... } 
....................  
.................... void lcd_gotoxy(unsigned int8 x, unsigned int8 y) 
.................... { 
....................    unsigned int8 address; 
....................     
....................    if(y!=1) 
00A7:  DECFSZ 2C,W
00A8:  GOTO   0AA
00A9:  GOTO   0AD
....................       address=LCD_LINE_TWO; 
00AA:  MOVLW  40
00AB:  MOVWF  2D
00AC:  GOTO   0AE
....................    else 
....................       address=0; 
00AD:  CLRF   2D
....................       
....................    address+=x-1; 
00AE:  MOVLW  01
00AF:  SUBWF  2B,W
00B0:  ADDWF  2D,F
....................    lcd_send_byte(0,0x80|address); 
00B1:  MOVF   2D,W
00B2:  IORLW  80
00B3:  MOVWF  2E
00B4:  CLRF   2F
00B5:  MOVF   2E,W
00B6:  MOVWF  30
00B7:  CALL   034
....................  
....................   #if defined(LCD_EXTENDED_NEWLINE) 
00B8:  RETURN
....................    g_LcdX = x - 1; 
....................    g_LcdY = y - 1; 
....................   #endif 
.................... } 
....................  
.................... void lcd_putc(char c) 
.................... { 
....................    switch (c) 
00B9:  MOVF   2A,W
00BA:  XORLW  07
00BB:  BTFSC  03.2
00BC:  GOTO   0C7
00BD:  XORLW  0B
00BE:  BTFSC  03.2
00BF:  GOTO   0CC
00C0:  XORLW  06
00C1:  BTFSC  03.2
00C2:  GOTO   0D4
00C3:  XORLW  02
00C4:  BTFSC  03.2
00C5:  GOTO   0DA
00C6:  GOTO   0DF
....................    { 
....................       case '\a'   :  lcd_gotoxy(1,1);     break; 
00C7:  MOVLW  01
00C8:  MOVWF  2B
00C9:  MOVWF  2C
00CA:  CALL   0A7
00CB:  GOTO   0E4
....................  
....................       case '\f'   :  lcd_send_byte(0,1); 
00CC:  CLRF   2F
00CD:  MOVLW  01
00CE:  MOVWF  30
00CF:  CALL   034
....................                      delay_ms(2); 
00D0:  MOVLW  02
00D1:  MOVWF  2B
00D2:  CALL   00D
....................                     #if defined(LCD_EXTENDED_NEWLINE) 
....................                      g_LcdX = 0; 
....................                      g_LcdY = 0; 
....................                     #endif 
....................                      break; 
00D3:  GOTO   0E4
....................  
....................      #if defined(LCD_EXTENDED_NEWLINE) 
....................       case '\r'   :  lcd_gotoxy(1, g_LcdY+1);   break; 
....................       case '\n'   : 
....................          while (g_LcdX++ < LCD_LINE_LENGTH) 
....................          { 
....................             lcd_send_byte(1, ' '); 
....................          } 
....................          lcd_gotoxy(1, g_LcdY+2); 
....................          break; 
....................      #else 
....................       case '\n'   : lcd_gotoxy(1,2);        break; 
00D4:  MOVLW  01
00D5:  MOVWF  2B
00D6:  MOVLW  02
00D7:  MOVWF  2C
00D8:  CALL   0A7
00D9:  GOTO   0E4
....................      #endif 
....................       
....................       case '\b'   : lcd_send_byte(0,0x10);  break; 
00DA:  CLRF   2F
00DB:  MOVLW  10
00DC:  MOVWF  30
00DD:  CALL   034
00DE:  GOTO   0E4
....................       
....................      #if defined(LCD_EXTENDED_NEWLINE) 
....................       default     :  
....................          if (g_LcdX < LCD_LINE_LENGTH) 
....................          { 
....................             lcd_send_byte(1, c); 
....................             g_LcdX++; 
....................          } 
....................          break; 
....................      #else 
....................       default     : lcd_send_byte(1,c);     break; 
00DF:  MOVLW  01
00E0:  MOVWF  2F
00E1:  MOVF   2A,W
00E2:  MOVWF  30
00E3:  CALL   034
....................      #endif 
....................    } 
00E4:  RETURN
.................... } 
....................   
.................... char lcd_getc(unsigned int8 x, unsigned int8 y) 
.................... { 
....................    char value; 
....................  
....................    lcd_gotoxy(x,y); 
....................    while ( bit_test(lcd_read_byte(),7) ); // wait until busy flag is low 
....................    lcd_output_rs(1); 
....................    value = lcd_read_byte(); 
....................    lcd_output_rs(0); 
....................     
....................    return(value); 
.................... } 
....................  
.................... // write a custom character to the ram 
.................... // which is 0-7 and specifies which character array we are modifying. 
.................... // ptr points to an array of 8 bytes, where each byte is the next row of 
.................... //    pixels.  only bits 0-4 are used.  the last row is the cursor row, and 
.................... //    usually you will want to leave this byte 0x00. 
.................... void lcd_set_cgram_char(unsigned int8 which, unsigned int8 *ptr) 
.................... { 
....................    unsigned int i; 
....................  
....................    which <<= 3; 
....................    which &= 0x38; 
....................  
....................    lcd_send_byte(0, 0x40 | which);  //set cgram address 
....................  
....................    for(i=0; i<8; i++) 
....................    { 
....................       lcd_send_byte(1, *ptr++); 
....................    } 
....................    
....................    #if defined(LCD_EXTENDED_NEWLINE) 
....................     lcd_gotoxy(g_LcdX+1, g_LcdY+1);  //set ddram address 
....................    #endif 
.................... } 
....................  
.................... void lcd_cursor_on(int1 on) 
.................... { 
....................    if (on) 
....................    { 
....................       lcd_send_byte(0,0x0F);           //turn LCD cursor ON 
....................    } 
....................    else 
....................    { 
....................       lcd_send_byte(0,0x0C);           //turn LCD cursor OFF 
....................    } 
.................... } 
....................  
.................... #endif 
....................  
.................... #use rs232(baud=9600, parity=N, xmit=PIN_C6, rcv=PIN_C7, bits=8) 
....................  
.................... int i; 
.................... int valor; 
.................... int8 lee_microsw(void); 
.................... int leds; 
.................... int numeros; 
....................  
....................  
.................... void main(void) 
*
01D7:  MOVLW  71
01D8:  BSF    03.5
01D9:  MOVWF  0F
01DA:  MOVF   0F,W
01DB:  BSF    03.6
01DC:  BCF    07.3
01DD:  MOVLW  0C
01DE:  BCF    03.6
01DF:  MOVWF  19
01E0:  MOVLW  A2
01E1:  MOVWF  18
01E2:  MOVLW  90
01E3:  BCF    03.5
01E4:  MOVWF  18
01E5:  MOVLW  FF
01E6:  MOVWF  24
01E7:  BSF    03.5
01E8:  BSF    03.6
01E9:  MOVF   09,W
01EA:  ANDLW  C0
01EB:  MOVWF  09
01EC:  BCF    03.6
01ED:  BCF    1F.4
01EE:  BCF    1F.5
01EF:  MOVLW  00
01F0:  BSF    03.6
01F1:  MOVWF  08
01F2:  BCF    03.5
01F3:  CLRF   07
01F4:  CLRF   08
01F5:  CLRF   09
01F6:  BCF    03.7
01F7:  MOVLW  1F
01F8:  ANDWF  03,F
01F9:  BCF    03.6
01FA:  CLRF   25
....................    {   
....................       int8 valorAnalogo = 0; 
....................     
....................       lcd_init(); 
01FB:  GOTO   074
....................       SETUP_ADC_PORTS(sAN5); // este pin es analogo 
01FC:  BSF    03.5
01FD:  BSF    03.6
01FE:  MOVF   09,W
01FF:  ANDLW  C0
0200:  MOVWF  09
0201:  BCF    03.6
0202:  BCF    1F.4
0203:  BCF    1F.5
0204:  MOVLW  20
0205:  BSF    03.6
0206:  MOVWF  08
....................       SET_ADC_CHANNEL(5); // el canal que usaremos y de cual obtendremos la señal es el 5 
0207:  MOVLW  14
0208:  MOVWF  78
0209:  BCF    03.5
020A:  BCF    03.6
020B:  MOVF   1F,W
020C:  ANDLW  C3
020D:  IORWF  78,W
020E:  MOVWF  1F
....................       setup_adc(ADC_CLOCK_DIV_32); 
020F:  BCF    1F.6
0210:  BSF    1F.7
0211:  BSF    03.5
0212:  BCF    1F.7
0213:  BCF    03.5
0214:  BSF    1F.0
....................        
....................       while (1) 
....................          {    
....................              lcd_putc("\f");   
0215:  MOVLW  0C
0216:  BSF    03.6
0217:  MOVWF  0D
0218:  MOVLW  00
0219:  MOVWF  0F
021A:  BCF    03.6
021B:  GOTO   0E5
....................              numeros = lee_microsw(); 
021C:  GOTO   132
021D:  MOVF   78,W
021E:  MOVWF  23
....................              printf(lcd_putc,"%u",numeros); 
021F:  MOVF   23,W
0220:  MOVWF  26
0221:  MOVLW  1B
0222:  MOVWF  27
0223:  GOTO   1A0
....................              delay_ms(1000); 
0224:  MOVLW  04
0225:  MOVWF  26
0226:  MOVLW  FA
0227:  MOVWF  2B
0228:  CALL   00D
0229:  DECFSZ 26,F
022A:  GOTO   226
....................              valorAnalogo = read_adc(); 
022B:  BSF    1F.1
022C:  BTFSC  1F.1
022D:  GOTO   22C
022E:  MOVF   1E,W
022F:  MOVWF  25
0230:  GOTO   215
....................          } 
....................    } 
....................     
0231:  SLEEP
....................      int8 lee_microsw(void) 
.................... { 
....................       int8 entrada [8]; 
....................       int valor; 
....................      
....................        
....................       entrada[0] = input(PIN_C0); 
*
0132:  BSF    24.0
0133:  MOVF   24,W
0134:  BSF    03.5
0135:  MOVWF  07
0136:  BCF    03.5
0137:  CLRF   26
0138:  BTFSC  07.0
0139:  INCF   26,F
....................       entrada[1] = input(PIN_C1); 
013A:  BSF    24.1
013B:  MOVF   24,W
013C:  BSF    03.5
013D:  MOVWF  07
013E:  BCF    03.5
013F:  CLRF   27
0140:  BTFSC  07.1
0141:  INCF   27,F
....................       entrada[2] = input(PIN_C2); 
0142:  BSF    24.2
0143:  MOVF   24,W
0144:  BSF    03.5
0145:  MOVWF  07
0146:  BCF    03.5
0147:  CLRF   28
0148:  BTFSC  07.2
0149:  INCF   28,F
....................       entrada[3] = input(PIN_C3); 
014A:  BSF    24.3
014B:  MOVF   24,W
014C:  BSF    03.5
014D:  MOVWF  07
014E:  BCF    03.5
014F:  CLRF   29
0150:  BTFSC  07.3
0151:  INCF   29,F
....................       entrada[4] = input(PIN_C4); 
0152:  BSF    24.4
0153:  MOVF   24,W
0154:  BSF    03.5
0155:  MOVWF  07
0156:  BCF    03.5
0157:  CLRF   2A
0158:  BTFSC  07.4
0159:  INCF   2A,F
....................       entrada[5] = input(PIN_C5); 
015A:  BSF    24.5
015B:  MOVF   24,W
015C:  BSF    03.5
015D:  MOVWF  07
015E:  BCF    03.5
015F:  CLRF   2B
0160:  BTFSC  07.5
0161:  INCF   2B,F
....................       entrada[6] = input(PIN_E1); 
0162:  BSF    03.5
0163:  BSF    09.1
0164:  BCF    03.5
0165:  CLRF   2C
0166:  BTFSC  09.1
0167:  INCF   2C,F
....................       entrada[7] = input(PIN_E2); 
0168:  BSF    03.5
0169:  BSF    09.2
016A:  BCF    03.5
016B:  CLRF   2D
016C:  BTFSC  09.2
016D:  INCF   2D,F
....................        
....................       valor = 0; 
016E:  CLRF   2E
....................        for(i=0;i<8;i++) 
016F:  CLRF   20
0170:  MOVF   20,W
0171:  SUBLW  07
0172:  BTFSS  03.0
0173:  GOTO   186
.................... { 
....................          
....................          valor+= (entrada[i] << i); 
0174:  MOVLW  26
0175:  ADDWF  20,W
0176:  MOVWF  04
0177:  BCF    03.7
0178:  MOVF   00,W
0179:  MOVWF  77
017A:  MOVF   20,W
017B:  MOVWF  78
017C:  BTFSC  03.2
017D:  GOTO   182
017E:  BCF    03.0
017F:  RLF    77,F
0180:  DECFSZ 78,F
0181:  GOTO   17E
0182:  MOVF   77,W
0183:  ADDWF  2E,F
0184:  INCF   20,F
0185:  GOTO   170
....................         
.................... } 
....................       
....................       return valor; 
0186:  MOVF   2E,W
0187:  MOVWF  78
0188:  BCF    0A.3
0189:  BCF    0A.4
018A:  GOTO   21D (RETURN)
....................        
.................... } 
....................    
....................     

Configuration Fuses:
   Word  1: 2FE4   INTRC_IO NOWDT PUT MCLR NOPROTECT NOCPD BROWNOUT IESO FCMEN NOLVP NODEBUG
   Word  2: 3FFF   BORV40 NOWRT
