
ROM used:   114/8192 (1%)
            114/8192 (1%) including unused fragments

            0.1 Average locations per line
            11.4 Average locations per statement

RAM used:   12/368 (3%) at main() level
            13/368 (4%) worst case

Stack used: 1 worst case (0 in main + 1 for interrupts)
Stack size: 8

Lines Stmts  %   Files
----- ----- ---  -----
   26    10 100  toogle_con_timer.c
  758     0   0  ..\..\..\..\..\..\Program Files (x86)\PICC\Devices\16f887.h
----- -----
  784    10 Total

Page ROM  %  RAM   Vol Diff  Functions:
---- --- --- ---   --- ----  ----------
0     22  19    1             @delay_ms1
0      8   7    0    63  2.3  timer_isr
0     37  32    0   181  3.6  MAIN
 Inline         0             @cinit1

Program metrics:
    Functions               2
    Statements              10
    Comments                121
    Volume (V)              295
    Difficulty (D)          5.6
    Effort to implement (E) 1651
    Time to implement (T)   2 minutes
    Est Delivered Bugs (B)  0
    Cyclomatic Complexity   1
    Maintainability (MI)    94

 Segment     Used  Free
-----------  ----  ----
00000-00003     4  0  
00004-0002E    43  0  
0002F-007FF    67  1934  
00800-00FFF     0  2048  
01000-017FF     0  2048  
01800-01FFF     0  2048  



