
ROM used:   145/8192 (2%)
            145/8192 (2%) including unused fragments

            0.2 Average locations per line
            5.2 Average locations per statement

RAM used:   23/368 (6%) at main() level
            24/368 (7%) worst case

Stack used: 1 worst case (0 in main + 1 for interrupts)
Stack size: 8

Lines Stmts  %   Files
----- ----- ---  -----
   66    28 100  toogle_con_timer3.c
  758     0   0  ..\..\..\..\..\..\Program Files (x86)\PICC\Devices\16f887.h
----- -----
  824    28 Total

Page ROM  %  RAM   Vol Diff  Functions:
---- --- --- ---   --- ----  ----------
0     25  17    1   140  3.9  timer_isr
0     53  37    0   255  3.2  MAIN
0     10   7    0   116  3.8  proceso1
0     10   7    0   116  3.8  proceso2
 Inline         0             @cinit1

Program metrics:
    Functions               4
    Statements              28
    Comments                122
    Volume (V)              890
    Difficulty (D)          14.7
    Effort to implement (E) 13071
    Time to implement (T)   12 minutes
    Est Delivered Bugs (B)  0
    Cyclomatic Complexity   3
    Maintainability (MI)    149

 Segment     Used  Free
-----------  ----  ----
00000-00003     4  0  
00004-0002E    43  0  
0002F-007FF    98  1903  
00800-00FFF     0  2048  
01000-017FF     0  2048  
01800-01FFF     0  2048  



