
ROM used:   96/8192 (1%)
            96/8192 (1%) including unused fragments

            0.1 Average locations per line
            7.4 Average locations per statement

RAM used:   13/368 (4%) at main() level
            13/368 (4%) worst case

Stack used: 1 worst case (0 in main + 1 for interrupts)
Stack size: 8

Lines Stmts  %   Files
----- ----- ---  -----
   33    13 100  toogle_con_timer2.c
  758     0   0  ..\..\..\..\..\..\Program Files (x86)\PICC\Devices\16f887.h
----- -----
  791    13 Total

Page ROM  %  RAM   Vol Diff  Functions:
---- --- --- ---   --- ----  ----------
0      7   7    0    33  1.3  timer_isr
0     42  44    0   242  4.6  MAIN
 Inline         0             @cinit1

Program metrics:
    Functions               2
    Statements              13
    Comments                121
    Volume (V)              317
    Difficulty (D)          5.8
    Effort to implement (E) 1847
    Time to implement (T)   2 minutes
    Est Delivered Bugs (B)  0
    Cyclomatic Complexity   1
    Maintainability (MI)    90

 Segment     Used  Free
-----------  ----  ----
00000-00003     4  0  
00004-0002E    43  0  
0002F-007FF    49  1952  
00800-00FFF     0  2048  
01000-017FF     0  2048  
01800-01FFF     0  2048  



