
ROM used:   67/8192 (1%)
            67/8192 (1%) including unused fragments

            0.1 Average locations per line
            9.6 Average locations per statement

RAM used:   5/368 (1%) at main() level
            6/368 (2%) worst case

Stack used: 0 worst case (0 in main + 0 for interrupts)
Stack size: 8

Lines Stmts  %   Files
----- ----- ---  -----
   18     7 100  main.c
  758     0   0  ..\..\..\..\..\Program Files (x86)\PICC\Devices\16f887.h
----- -----
  776     7 Total

Page ROM  %  RAM   Vol Diff  Functions:
---- --- --- ---   --- ----  ----------
0     20  30    1             @delay_ms1
0     43  64    0   114  1.7  main
 Inline         0             @cinit1

Program metrics:
    Functions               1
    Statements              7
    Comments                121
    Volume (V)              119
    Difficulty (D)          1.5
    Effort to implement (E) 174
    Time to implement (T)   0 minutes
    Est Delivered Bugs (B)  0
    Cyclomatic Complexity   1
    Maintainability (MI)    66

 Segment     Used  Free
-----------  ----  ----
00000-00003     4  0  
00004-007FF    63  1981  
00800-00FFF     0  2048  
01000-017FF     0  2048  
01800-01FFF     0  2048  



