
ROM used:   519/8192 (6%)
            519/8192 (6%) including unused fragments

            0.4 Average locations per line
            5.4 Average locations per statement

RAM used:   14/368 (4%) at main() level
            32/368 (9%) worst case

Stack used: 0 worst case (0 in main + 0 for interrupts)
Stack size: 8

Lines Stmts  %   Files
----- ----- ---  -----
   33    13  13  main.c
  758     0   0  ..\..\..\..\..\Program Files (x86)\PICC\Devices\16f887.h
  456    84  87  ..\..\..\..\..\Program Files (x86)\PICC\Drivers\lcd.c
----- -----
 1247    97 Total

Page ROM  %  RAM   Vol Diff  Functions:
---- --- --- ---   --- ----  ----------
0     20   4    1             @delay_ms1
0      8   2    0             @const628
 Inline         3   596  5.9  lcd_read_byte
0      6   1    0    59  4.2  lcd_read_nibble
0     13   3    1   179  3.3  lcd_send_nibble
0     64  12    3   460  4.7  lcd_send_byte
0     49   9    2   667  5.9  lcd_init
0     18   3    4   208  6.3  lcd_gotoxy
0     44   8    1   354  4.7  lcd_putc
0    116  22    1   318  3.2  MAIN
0      1   0    0             @const665
0     77  15    4             @PSTRINGC7_646
0     99  19    9             @PRINTF_LU_646
 Inline         0             @cinit1

Program metrics:
    Functions               8
    Statements              97
    Comments                224
    Volume (V)              4348
    Difficulty (D)          36.4
    Effort to implement (E) 158177
    Time to implement (T)   2 hours, 26 minutes
    Est Delivered Bugs (B)  1
    Cyclomatic Complexity   8
    Maintainability (MI)    145

 Segment     Used  Free
-----------  ----  ----
00000-00003     4  0  
00004-007FF   515  1529  
00800-00FFF     0  2048  
01000-017FF     0  2048  
01800-01FFF     0  2048  



