
ROM used:   169/8192 (2%)
            169/8192 (2%) including unused fragments

            0.2 Average locations per line
            8.0 Average locations per statement

RAM used:   8/368 (2%) at main() level
            18/368 (5%) worst case

Stack used: 0 worst case (0 in main + 0 for interrupts)
Stack size: 8

Lines Stmts  %   Files
----- ----- ---  -----
   49    21 100  main3.c
  758     0   0  ..\..\..\..\..\Program Files (x86)\PICC\Devices\16f887.h
----- -----
  807    21 Total

Page ROM  %  RAM   Vol Diff  Functions:
---- --- --- ---   --- ----  ----------
0     22  13    1             @delay_ms1
0     53  31    1   158  2.2  main
0     90  53   10   634  5.4  lee_microsw
 Inline         0             @cinit1

Program metrics:
    Functions               2
    Statements              21
    Comments                121
    Volume (V)              911
    Difficulty (D)          7.4
    Effort to implement (E) 6780
    Time to implement (T)   6 minutes
    Est Delivered Bugs (B)  0
    Cyclomatic Complexity   1
    Maintainability (MI)    76

 Segment     Used  Free
-----------  ----  ----
00000-00003     4  0  
00004-007FF   165  1879  
00800-00FFF     0  2048  
01000-017FF     0  2048  
01800-01FFF     0  2048  



