
ROM used:   189/8192 (2%)
            189/8192 (2%) including unused fragments

            0.2 Average locations per line
            7.6 Average locations per statement

RAM used:   7/368 (2%) at main() level
            16/368 (4%) worst case

Stack used: 0 worst case (0 in main + 0 for interrupts)
Stack size: 8

Lines Stmts  %   Files
----- ----- ---  -----
   51    25 100  main.c
  758     0   0  ..\..\..\..\..\Program Files (x86)\PICC\Devices\16f887.h
----- -----
  809    25 Total

Page ROM  %  RAM   Vol Diff  Functions:
---- --- --- ---   --- ----  ----------
0     22  12    1             @delay_ms1
0     52  28    1   158  2.2  main
0    111  59    9   791  3.9  lee_microsw
 Inline         0             @cinit1

Program metrics:
    Functions               2
    Statements              25
    Comments                121
    Volume (V)              1077
    Difficulty (D)          6.1
    Effort to implement (E) 6576
    Time to implement (T)   6 minutes
    Est Delivered Bugs (B)  0
    Cyclomatic Complexity   1
    Maintainability (MI)    73

 Segment     Used  Free
-----------  ----  ----
00000-00003     4  0  
00004-007FF   185  1859  
00800-00FFF     0  2048  
01000-017FF     0  2048  
01800-01FFF     0  2048  



