>>> Warning 203 "main4.c" Line 22(1,1): Condition always TRUE
*** Error 53 "main4.c" Line 27(12,27): Expecting function name
*** Error 53 "main4.c" Line 28(12,31): Expecting function name
*** Error 53 "main4.c" Line 29(12,27): Expecting function name
*** Error 43 "main4.c" Line 62(7,8): Expecting a declaration
*** Error 28 "main4.c" Line 64(18,19): Expecting an identifier
*** Error 43 "main4.c" Line 64(20,21): Expecting a declaration
*** Error 43 "main4.c" Line 64(21,22): Expecting a declaration
*** Error 43 "main4.c" Line 64(22,23): Expecting a declaration
*** Error 28 "main4.c" Line 65(27,28): Expecting an identifier
*** Error 48 "main4.c" Line 65(29,34): Expecting a (
*** Error 43 "main4.c" Line 65(35,36): Expecting a declaration
*** Error 28 "main4.c" Line 66(16,19): Expecting an identifier
*** Error 43 "main4.c" Line 66(20,21): Expecting a declaration
*** Error 43 "main4.c" Line 67(7,8): Expecting a declaration
*** Error 43 "main4.c" Line 71(4,5): Expecting a declaration
*** Error 28 "main4.c" Line 72(18,19): Expecting an identifier
*** Error 43 "main4.c" Line 72(20,21): Expecting a declaration
*** Error 43 "main4.c" Line 72(21,22): Expecting a declaration
*** Error 43 "main4.c" Line 72(22,23): Expecting a declaration
*** Error 28 "main4.c" Line 73(27,28): Expecting an identifier
*** Error 48 "main4.c" Line 73(28,33): Expecting a (
*** Error 43 "main4.c" Line 73(34,35): Expecting a declaration
*** Error 28 "main4.c" Line 74(16,19): Expecting an identifier
*** Error 43 "main4.c" Line 74(20,21): Expecting a declaration
*** Error 43 "main4.c" Line 75(4,5): Expecting a declaration
*** Error 43 "main4.c" Line 78(7,8): Expecting a declaration
*** Error 28 "main4.c" Line 79(22,23): Expecting an identifier
*** Error 43 "main4.c" Line 79(24,25): Expecting a declaration
*** Error 43 "main4.c" Line 79(25,26): Expecting a declaration
*** Error 43 "main4.c" Line 79(26,27): Expecting a declaration
*** Error 28 "main4.c" Line 80(53,54): Expecting an identifier
*** Error 48 "main4.c" Line 80(54,61): Expecting a (
*** Error 43 "main4.c" Line 80(62,63): Expecting a declaration
*** Error 43 "main4.c" Line 80(63,64): Expecting a declaration
*** Error 43 "main4.c" Line 80(64,65): Expecting a declaration
*** Error 48 "main4.c" Line 80(65,72): Expecting a (
*** Error 43 "main4.c" Line 80(73,74): Expecting a declaration
*** Error 43 "main4.c" Line 80(74,75): Expecting a declaration
*** Error 43 "main4.c" Line 80(75,76): Expecting a declaration
*** Error 48 "main4.c" Line 80(76,83): Expecting a (
*** Error 43 "main4.c" Line 80(84,85): Expecting a declaration
*** Error 43 "main4.c" Line 80(85,86): Expecting a declaration
*** Error 43 "main4.c" Line 80(86,87): Expecting a declaration
*** Error 48 "main4.c" Line 80(87,94): Expecting a (
*** Error 43 "main4.c" Line 80(95,96): Expecting a declaration
*** Error 43 "main4.c" Line 80(96,97): Expecting a declaration
*** Error 43 "main4.c" Line 80(97,98): Expecting a declaration
*** Error 48 "main4.c" Line 80(98,105): Expecting a (
*** Error 43 "main4.c" Line 80(106,107): Expecting a declaration
*** Error 43 "main4.c" Line 80(107,108): Expecting a declaration
*** Error 43 "main4.c" Line 80(108,109): Expecting a declaration
*** Error 48 "main4.c" Line 80(109,116): Expecting a (
*** Error 43 "main4.c" Line 80(117,118): Expecting a declaration
*** Error 43 "main4.c" Line 80(118,119): Expecting a declaration
*** Error 43 "main4.c" Line 80(119,120): Expecting a declaration
*** Error 48 "main4.c" Line 80(120,127): Expecting a (
*** Error 43 "main4.c" Line 80(128,129): Expecting a declaration
*** Error 43 "main4.c" Line 80(129,130): Expecting a declaration
*** Error 43 "main4.c" Line 80(130,131): Expecting a declaration
*** Error 48 "main4.c" Line 80(131,138): Expecting a (
*** Error 43 "main4.c" Line 80(139,140): Expecting a declaration
*** Error 43 "main4.c" Line 80(140,141): Expecting a declaration
*** Error 43 "main4.c" Line 80(141,142): Expecting a declaration
*** Error 43 "main4.c" Line 80(142,143): Expecting a declaration
*** Error 28 "main4.c" Line 81(20,23): Expecting an identifier
*** Error 43 "main4.c" Line 81(24,25): Expecting a declaration
*** Error 43 "main4.c" Line 82(7,8): Expecting a declaration
      67 Errors,  1 Warnings.
Build Failed.
