
ROM used:   283/8192 (3%)
            283/8192 (3%) including unused fragments

            0.3 Average locations per line
            9.8 Average locations per statement

RAM used:   9/368 (2%) at main() level
            19/368 (5%) worst case

Stack used: 0 worst case (0 in main + 0 for interrupts)
Stack size: 8

Lines Stmts  %   Files
----- ----- ---  -----
   70    29 100  main5.c
  758     0   0  ..\..\..\..\..\Program Files (x86)\PICC\Devices\16f887.h
----- -----
  828    29 Total

Page ROM  %  RAM   Vol Diff  Functions:
---- --- --- ---   --- ----  ----------
0     20   7    1             @delay_ms1
0     95  34    0   357  4.1  main
0     21   7    3             @DIV88
0     56  20    2             @PRINTF_U_9600_62_63
0     87  31   10   619  5.4  lee_microsw
 Inline         0             @cinit1

Program metrics:
    Functions               2
    Statements              29
    Comments                122
    Volume (V)              1150
    Difficulty (D)          9.1
    Effort to implement (E) 10435
    Time to implement (T)   10 minutes
    Est Delivered Bugs (B)  0
    Cyclomatic Complexity   2
    Maintainability (MI)    72

 Segment     Used  Free
-----------  ----  ----
00000-00003     4  0  
00004-007FF   279  1765  
00800-00FFF     0  2048  
01000-017FF     0  2048  
01800-01FFF     0  2048  



