
ROM used:   160/8192 (2%)
            160/8192 (2%) including unused fragments

            0.2 Average locations per line
            26.7 Average locations per statement

RAM used:   8/368 (2%) at main() level
            12/368 (3%) worst case

Stack used: 0 worst case (0 in main + 0 for interrupts)
Stack size: 8

Lines Stmts  %   Files
----- ----- ---  -----
   22     6 100  main.c
  758     0   0  ..\..\..\..\..\Program Files (x86)\PICC\Devices\16f887.h
----- -----
  780     6 Total

Page ROM  %  RAM   Vol Diff  Functions:
---- --- --- ---   --- ----  ----------
0     22  14    1             @delay_ms1
0     55  34    1   104  2.7  main
0     21  13    3    59  4.2  @DIV88
0     58  36    2   179  3.3  @PRINTF_U_9600_62_63
 Inline         0   460  4.7  @cinit1

Program metrics:
    Functions               4
    Statements              6
    Comments                122
    Volume (V)              1088
    Difficulty (D)          14.4
    Effort to implement (E) 15623
    Time to implement (T)   14 minutes
    Est Delivered Bugs (B)  0
    Cyclomatic Complexity   1
    Maintainability (MI)    173

 Segment     Used  Free
-----------  ----  ----
00000-00003     4  0  
00004-007FF   156  1888  
00800-00FFF     0  2048  
01000-017FF     0  2048  
01800-01FFF     0  2048  



