
ROM used:   237/8192 (3%)
            237/8192 (3%) including unused fragments

            0.3 Average locations per line
            39.5 Average locations per statement

RAM used:   6/368 (2%) at main() level
            11/368 (3%) worst case

Stack used: 0 worst case (0 in main + 0 for interrupts)
Stack size: 8

Lines Stmts  %   Files
----- ----- ---  -----
   23     6 100  main6.c
  758     0   0  ..\..\..\..\..\Program Files (x86)\PICC\Devices\16f887.h
----- -----
  781     6 Total

Page ROM  %  RAM   Vol Diff  Functions:
---- --- --- ---   --- ----  ----------
0     56  24    1   112  2.7  main
0     10   4    0   596  5.9  @const625
0     88  37    5   619  5.4  @PSTRINGCN7_9600_62_63
0     21   9    3   179  3.3  @DIV88
0     58  24    2   619  5.4  @PRINTF_U_9600_62_63
 Inline         0   667  5.9  @cinit1

Program metrics:
    Functions               6
    Statements              6
    Comments                122
    Volume (V)              3983
    Difficulty (D)          29.1
    Effort to implement (E) 115938
    Time to implement (T)   1 hours, 47 minutes
    Est Delivered Bugs (B)  1
    Cyclomatic Complexity   5
    Maintainability (MI)    169

 Segment     Used  Free
-----------  ----  ----
00000-00003     4  0  
00004-007FF   233  1811  
00800-00FFF     0  2048  
01000-017FF     0  2048  
01800-01FFF     0  2048  



