
ROM used:   398/8192 (5%)
            398/8192 (5%) including unused fragments

            0.3 Average locations per line
            4.1 Average locations per statement

RAM used:   14/368 (4%) at main() level
            27/368 (7%) worst case

Stack used: 0 worst case (0 in main + 0 for interrupts)
Stack size: 8

Lines Stmts  %   Files
----- ----- ---  -----
   32    12  12  main.c
  758     0   0  ..\..\..\..\..\Program Files (x86)\PICC\Devices\16f887.h
  456    84  88  ..\..\..\..\..\Program Files (x86)\PICC\Drivers\lcd.c
----- -----
 1246    96 Total

Page ROM  %  RAM   Vol Diff  Functions:
---- --- --- ---   --- ----  ----------
0     20   5    1             @delay_ms1
0      8   2    0             @const628
 Inline         3   596  5.9  lcd_read_byte
0      6   2    0    59  4.2  lcd_read_nibble
0     13   3    1   179  3.3  lcd_send_nibble
0     64  16    3   460  4.7  lcd_send_byte
0     49  12    2   667  5.9  lcd_init
0     18   5    4   208  6.3  lcd_gotoxy
0     44  11    1   354  4.7  lcd_putc
0     87  22    1   228  2.6  MAIN
0      1   0    0             @const665
0     75  19    4             @PSTRINGC7_646
0      9   2    0             @const667
 Inline         0             @cinit1

Program metrics:
    Functions               8
    Statements              96
    Comments                223
    Volume (V)              4213
    Difficulty (D)          35.9
    Effort to implement (E) 151274
    Time to implement (T)   2 hours, 20 minutes
    Est Delivered Bugs (B)  1
    Cyclomatic Complexity   8
    Maintainability (MI)    145

 Segment     Used  Free
-----------  ----  ----
00000-00003     4  0  
00004-007FF   394  1650  
00800-00FFF     0  2048  
01000-017FF     0  2048  
01800-01FFF     0  2048  



